#
# There is insufficient memory for the Java Runtime Environment to continue.
# Native memory allocation (malloc) failed to allocate 1052896 bytes for Chunk::new
# Possible reasons:
#   The system is out of physical RAM or swap space
#   In 32 bit mode, the process size limit was hit
# Possible solutions:
#   Reduce memory load on the system
#   Increase physical memory or swap space
#   Check if swap backing store is full
#   Use 64 bit Java on a 64 bit OS
#   Decrease Java heap size (-Xmx/-Xms)
#   Decrease number of Java threads
#   Decrease Java thread stack sizes (-Xss)
#   Set larger code cache with -XX:ReservedCodeCacheSize=
# This output file may be truncated or incomplete.
#
#  Out of Memory Error (allocation.cpp:390), pid=18848, tid=0x0000000000004808
#
# JRE version: OpenJDK Runtime Environment (8.0_152-b06) (build 1.8.0_152-release-1136-b06)
# Java VM: OpenJDK 64-Bit Server VM (25.152-b06 mixed mode windows-amd64 compressed oops)
# Failed to write core dump. Minidumps are not enabled by default on client versions of Windows
#

---------------  T H R E A D  ---------------

Current thread (0x0000000018403000):  JavaThread "C2 CompilerThread2" daemon [_thread_in_native, id=18440, stack(0x0000000018dc0000,0x0000000018ec0000)]

Stack: [0x0000000018dc0000,0x0000000018ec0000]
[error occurred during error reporting (printing stack bounds), id 0xc0000005]

Native frames: (J=compiled Java code, j=interpreted, Vv=VM code, C=native code)


Current CompileTask:
C2:  14711 3439       4       org.gradle.model.internal.type.ModelType::wrap (219 bytes)


---------------  P R O C E S S  ---------------

Java Threads: ( => current thread )
  0x000000001a7ad800 JavaThread "Memory manager" [_thread_blocked, id=10108, stack(0x0000000021d30000,0x0000000021e30000)]
  0x000000001a7a9800 JavaThread "pool-1-thread-1" [_thread_blocked, id=3864, stack(0x0000000021a30000,0x0000000021b30000)]
  0x000000001a7ae000 JavaThread "Build operations Thread 8" [_thread_blocked, id=18756, stack(0x0000000021530000,0x0000000021630000)]
  0x000000001d322800 JavaThread "Build operations Thread 7" [_thread_blocked, id=18832, stack(0x0000000021430000,0x0000000021530000)]
  0x000000001d31f000 JavaThread "Build operations Thread 6" [_thread_blocked, id=18912, stack(0x0000000021330000,0x0000000021430000)]
  0x000000001d323800 JavaThread "Build operations Thread 5" [_thread_blocked, id=18836, stack(0x0000000021230000,0x0000000021330000)]
  0x000000001d31f800 JavaThread "Build operations Thread 4" [_thread_blocked, id=18632, stack(0x0000000021130000,0x0000000021230000)]
  0x000000001d325800 JavaThread "Build operations Thread 3" [_thread_blocked, id=18508, stack(0x0000000021030000,0x0000000021130000)]
  0x000000001d324000 JavaThread "Build operations Thread 2" [_thread_blocked, id=14844, stack(0x0000000020f30000,0x0000000021030000)]
  0x000000001d322000 JavaThread "Build operations" [_thread_blocked, id=18568, stack(0x0000000020e30000,0x0000000020f30000)]
  0x000000001d325000 JavaThread "Cache worker for Artifact transforms cache (C:\Users\doome\.gradle\caches\transforms-1)" [_thread_blocked, id=17860, stack(0x0000000020b30000,0x0000000020c30000)]
  0x000000001a903800 JavaThread "Cache worker for file hash cache (C:\Users\doome\AndroidStudioProjects\Textbaseddungeoncrawler\.gradle\4.6\fileHashes)" [_thread_blocked, id=18276, stack(0x000000001d010000,0x000000001d110000)]
  0x000000001a53d800 JavaThread "File lock request listener" [_thread_in_native, id=2016, stack(0x000000001be10000,0x000000001bf10000)]
  0x000000001a58a000 JavaThread "Cache worker for file hash cache (C:\Users\doome\.gradle\caches\4.6\fileHashes)" [_thread_blocked, id=19312, stack(0x000000001bd10000,0x000000001be10000)]
  0x000000001a48b800 JavaThread "Stdin handler" [_thread_blocked, id=9044, stack(0x000000001ba10000,0x000000001bb10000)]
  0x000000001a498000 JavaThread "Asynchronous log dispatcher for DefaultDaemonConnection: socket connection from /127.0.0.1:57566 to /127.0.0.1:57567" [_thread_blocked, id=18288, stack(0x000000001b810000,0x000000001b910000)]
  0x000000001a49b000 JavaThread "Daemon worker" [_thread_in_Java, id=17036, stack(0x000000001b710000,0x000000001b810000)]
  0x000000001a4a4800 JavaThread "Cancel handler" [_thread_blocked, id=9248, stack(0x000000001b610000,0x000000001b710000)]
  0x000000001a433000 JavaThread "Handler for socket connection from /127.0.0.1:57566 to /127.0.0.1:57567" [_thread_in_native, id=784, stack(0x000000001b310000,0x000000001b410000)]
  0x000000001a41d000 JavaThread "Daemon" [_thread_blocked, id=18616, stack(0x000000001b210000,0x000000001b310000)]
  0x000000001a3eb800 JavaThread "Daemon periodic checks" [_thread_blocked, id=3292, stack(0x000000001b110000,0x000000001b210000)]
  0x000000001a3e9800 JavaThread "Incoming local TCP Connector on port 57566" [_thread_in_native, id=15988, stack(0x000000001aed0000,0x000000001afd0000)]
  0x000000001848d000 JavaThread "Service Thread" daemon [_thread_blocked, id=18444, stack(0x0000000018fc0000,0x00000000190c0000)]
  0x0000000018412000 JavaThread "C1 CompilerThread3" daemon [_thread_blocked, id=18436, stack(0x0000000018ec0000,0x0000000018fc0000)]
=>0x0000000018403000 JavaThread "C2 CompilerThread2" daemon [_thread_in_native, id=18440, stack(0x0000000018dc0000,0x0000000018ec0000)]
  0x0000000018402000 JavaThread "C2 CompilerThread1" daemon [_thread_in_native, id=14716, stack(0x0000000018cc0000,0x0000000018dc0000)]
  0x00000000183fd000 JavaThread "C2 CompilerThread0" daemon [_thread_in_native, id=9140, stack(0x0000000018bc0000,0x0000000018cc0000)]
  0x00000000183fc000 JavaThread "Attach Listener" daemon [_thread_blocked, id=10608, stack(0x0000000018ac0000,0x0000000018bc0000)]
  0x0000000018405800 JavaThread "Signal Dispatcher" daemon [_thread_blocked, id=19284, stack(0x00000000189c0000,0x0000000018ac0000)]
  0x00000000183f0800 JavaThread "Finalizer" daemon [_thread_blocked, id=18664, stack(0x00000000187d0000,0x00000000188d0000)]
  0x0000000002747800 JavaThread "Reference Handler" daemon [_thread_blocked, id=14868, stack(0x00000000182d0000,0x00000000183d0000)]
  0x000000000251d800 JavaThread "main" [_thread_blocked, id=7844, stack(0x0000000002520000,0x0000000002620000)]

Other Threads:
  0x0000000016507800 VMThread [stack: 0x00000000181d0000,0x00000000182d0000] [id=7180]
  0x0000000018495800 WatcherThread [stack: 0x00000000190c0000,0x00000000191c0000] [id=18448]

VM state:not at safepoint (normal execution)

VM Mutex/Monitor currently owned by a thread: None

Heap:
 PSYoungGen      total 138752K, used 96975K [0x00000000e0000000, 0x00000000ebc00000, 0x0000000100000000)
  eden space 129024K, 75% used [0x00000000e0000000,0x00000000e5eb3ec8,0x00000000e7e00000)
  from space 9728K, 0% used [0x00000000e7e00000,0x00000000e7e00000,0x00000000e8780000)
  to   space 12800K, 0% used [0x00000000eaf80000,0x00000000eaf80000,0x00000000ebc00000)
 ParOldGen       total 89088K, used 19032K [0x00000000a0000000, 0x00000000a5700000, 0x00000000e0000000)
  object space 89088K, 21% used [0x00000000a0000000,0x00000000a1296130,0x00000000a5700000)
 Metaspace       used 40940K, capacity 41680K, committed 41984K, reserved 1085440K
  class space    used 5523K, capacity 5774K, committed 5888K, reserved 1048576K

Card table byte_map: [0x0000000011b10000,0x0000000011e20000] byte_map_base: 0x0000000011610000

Marking Bits: (ParMarkBitMap*) 0x0000000074be5aa0
 Begin Bits: [0x0000000012820000, 0x0000000014020000)
 End Bits:   [0x0000000014020000, 0x0000000015820000)

Polling page: 0x00000000006a0000

CodeCache: size=245760Kb used=12388Kb max_used=12391Kb free=233371Kb
 bounds [0x0000000002750000, 0x0000000003380000, 0x0000000011750000]
 total_blobs=4345 nmethods=3616 adapters=641
 compilation: enabled

Compilation events (10 events):
Event: 14.704 Thread 0x0000000018412000 3923       3       kotlin.internal.ProgressionUtilKt::differenceModulo (16 bytes)
Event: 14.704 Thread 0x0000000018412000 nmethod 3923 0x000000000336f050 code [0x000000000336f1c0, 0x000000000336f570]
Event: 14.704 Thread 0x0000000018412000 3924       3       kotlin.text.StringsKt__StringsJVMKt::replace$default (17 bytes)
Event: 14.704 Thread 0x0000000018412000 nmethod 3924 0x000000000336a1d0 code [0x000000000336a340, 0x000000000336a4e8]
Event: 14.705 Thread 0x0000000018412000 3926       1       com.android.tools.build.jetifier.core.pom.PomDependency::getGroupId (5 bytes)
Event: 14.705 Thread 0x0000000018412000 nmethod 3926 0x000000000336f710 code [0x000000000336f860, 0x000000000336f970]
Event: 14.705 Thread 0x0000000018412000 3927       1       com.android.tools.build.jetifier.core.pom.PomDependency::getArtifactId (5 bytes)
Event: 14.705 Thread 0x0000000018412000 nmethod 3927 0x000000000336f9d0 code [0x000000000336fb20, 0x000000000336fc30]
Event: 14.705 Thread 0x0000000018412000 3928       1       com.android.tools.build.jetifier.core.pom.PomDependency::getVersion (5 bytes)
Event: 14.705 Thread 0x0000000018412000 nmethod 3928 0x000000000336fc90 code [0x000000000336fde0, 0x000000000336fef0]

GC Heap History (10 events):
Event: 4.468 GC heap before
{Heap before GC invocations=5 (full 0):
 PSYoungGen      total 70656K, used 25453K [0x00000000e0000000, 0x00000000e4a00000, 0x0000000100000000)
  eden space 65536K, 31% used [0x00000000e0000000,0x00000000e13df658,0x00000000e4000000)
  from space 5120K, 99% used [0x00000000e4500000,0x00000000e49fc030,0x00000000e4a00000)
  to   space 5120K, 0% used [0x00000000e4000000,0x00000000e4000000,0x00000000e4500000)
 ParOldGen       total 86016K, used 5127K [0x00000000a0000000, 0x00000000a5400000, 0x00000000e0000000)
  object space 86016K, 5% used [0x00000000a0000000,0x00000000a0501ea0,0x00000000a5400000)
 Metaspace       used 20844K, capacity 21244K, committed 21248K, reserved 1067008K
  class space    used 2926K, capacity 3072K, committed 3072K, reserved 1048576K
Event: 4.477 GC heap after
Heap after GC invocations=5 (full 0):
 PSYoungGen      total 70656K, used 5114K [0x00000000e0000000, 0x00000000e9400000, 0x0000000100000000)
  eden space 65536K, 0% used [0x00000000e0000000,0x00000000e0000000,0x00000000e4000000)
  from space 5120K, 99% used [0x00000000e4000000,0x00000000e44fea68,0x00000000e4500000)
  to   space 10240K, 0% used [0x00000000e8a00000,0x00000000e8a00000,0x00000000e9400000)
 ParOldGen       total 86016K, used 8233K [0x00000000a0000000, 0x00000000a5400000, 0x00000000e0000000)
  object space 86016K, 9% used [0x00000000a0000000,0x00000000a080a670,0x00000000a5400000)
 Metaspace       used 20844K, capacity 21244K, committed 21248K, reserved 1067008K
  class space    used 2926K, capacity 3072K, committed 3072K, reserved 1048576K
}
Event: 4.477 GC heap before
{Heap before GC invocations=6 (full 1):
 PSYoungGen      total 70656K, used 5114K [0x00000000e0000000, 0x00000000e9400000, 0x0000000100000000)
  eden space 65536K, 0% used [0x00000000e0000000,0x00000000e0000000,0x00000000e4000000)
  from space 5120K, 99% used [0x00000000e4000000,0x00000000e44fea68,0x00000000e4500000)
  to   space 10240K, 0% used [0x00000000e8a00000,0x00000000e8a00000,0x00000000e9400000)
 ParOldGen       total 86016K, used 8233K [0x00000000a0000000, 0x00000000a5400000, 0x00000000e0000000)
  object space 86016K, 9% used [0x00000000a0000000,0x00000000a080a670,0x00000000a5400000)
 Metaspace       used 20844K, capacity 21244K, committed 21248K, reserved 1067008K
  class space    used 2926K, capacity 3072K, committed 3072K, reserved 1048576K
Event: 4.513 GC heap after
Heap after GC invocations=6 (full 1):
 PSYoungGen      total 70656K, used 0K [0x00000000e0000000, 0x00000000e9400000, 0x0000000100000000)
  eden space 65536K, 0% used [0x00000000e0000000,0x00000000e0000000,0x00000000e4000000)
  from space 5120K, 0% used [0x00000000e4000000,0x00000000e4000000,0x00000000e4500000)
  to   space 10240K, 0% used [0x00000000e8a00000,0x00000000e8a00000,0x00000000e9400000)
 ParOldGen       total 57344K, used 8359K [0x00000000a0000000, 0x00000000a3800000, 0x00000000e0000000)
  object space 57344K, 14% used [0x00000000a0000000,0x00000000a0829f80,0x00000000a3800000)
 Metaspace       used 20844K, capacity 21244K, committed 21248K, reserved 1067008K
  class space    used 2926K, capacity 3072K, committed 3072K, reserved 1048576K
}
Event: 5.451 GC heap before
{Heap before GC invocations=7 (full 1):
 PSYoungGen      total 70656K, used 65536K [0x00000000e0000000, 0x00000000e9400000, 0x0000000100000000)
  eden space 65536K, 100% used [0x00000000e0000000,0x00000000e4000000,0x00000000e4000000)
  from space 5120K, 0% used [0x00000000e4000000,0x00000000e4000000,0x00000000e4500000)
  to   space 10240K, 0% used [0x00000000e8a00000,0x00000000e8a00000,0x00000000e9400000)
 ParOldGen       total 57344K, used 8359K [0x00000000a0000000, 0x00000000a3800000, 0x00000000e0000000)
  object space 57344K, 14% used [0x00000000a0000000,0x00000000a0829f80,0x00000000a3800000)
 Metaspace       used 26499K, capacity 26966K, committed 27136K, reserved 1073152K
  class space    used 3637K, capacity 3797K, committed 3840K, reserved 1048576K
Event: 5.460 GC heap after
Heap after GC invocations=7 (full 1):
 PSYoungGen      total 113664K, used 6991K [0x00000000e0000000, 0x00000000e9100000, 0x0000000100000000)
  eden space 106496K, 0% used [0x00000000e0000000,0x00000000e0000000,0x00000000e6800000)
  from space 7168K, 97% used [0x00000000e8a00000,0x00000000e90d3ee8,0x00000000e9100000)
  to   space 9728K, 0% used [0x00000000e7e00000,0x00000000e7e00000,0x00000000e8780000)
 ParOldGen       total 57344K, used 8367K [0x00000000a0000000, 0x00000000a3800000, 0x00000000e0000000)
  object space 57344K, 14% used [0x00000000a0000000,0x00000000a082bf80,0x00000000a3800000)
 Metaspace       used 26499K, capacity 26966K, committed 27136K, reserved 1073152K
  class space    used 3637K, capacity 3797K, committed 3840K, reserved 1048576K
}
Event: 12.833 GC heap before
{Heap before GC invocations=8 (full 1):
 PSYoungGen      total 113664K, used 101746K [0x00000000e0000000, 0x00000000e9100000, 0x0000000100000000)
  eden space 106496K, 88% used [0x00000000e0000000,0x00000000e5c88a90,0x00000000e6800000)
  from space 7168K, 97% used [0x00000000e8a00000,0x00000000e90d3ee8,0x00000000e9100000)
  to   space 9728K, 0% used [0x00000000e7e00000,0x00000000e7e00000,0x00000000e8780000)
 ParOldGen       total 57344K, used 8367K [0x00000000a0000000, 0x00000000a3800000, 0x00000000e0000000)
  object space 57344K, 14% used [0x00000000a0000000,0x00000000a082bf80,0x00000000a3800000)
 Metaspace       used 34747K, capacity 35312K, committed 35416K, reserved 1079296K
  class space    used 4818K, capacity 5028K, committed 5120K, reserved 1048576K
Event: 12.847 GC heap after
Heap after GC invocations=8 (full 1):
 PSYoungGen      total 138752K, used 9709K [0x00000000e0000000, 0x00000000ebc00000, 0x0000000100000000)
  eden space 129024K, 0% used [0x00000000e0000000,0x00000000e0000000,0x00000000e7e00000)
  from space 9728K, 99% used [0x00000000e7e00000,0x00000000e877b790,0x00000000e8780000)
  to   space 12800K, 0% used [0x00000000eaf80000,0x00000000eaf80000,0x00000000ebc00000)
 ParOldGen       total 57344K, used 11505K [0x00000000a0000000, 0x00000000a3800000, 0x00000000e0000000)
  object space 57344K, 20% used [0x00000000a0000000,0x00000000a0b3c7f8,0x00000000a3800000)
 Metaspace       used 34747K, capacity 35312K, committed 35416K, reserved 1079296K
  class space    used 4818K, capacity 5028K, committed 5120K, reserved 1048576K
}
Event: 12.847 GC heap before
{Heap before GC invocations=9 (full 2):
 PSYoungGen      total 138752K, used 9709K [0x00000000e0000000, 0x00000000ebc00000, 0x0000000100000000)
  eden space 129024K, 0% used [0x00000000e0000000,0x00000000e0000000,0x00000000e7e00000)
  from space 9728K, 99% used [0x00000000e7e00000,0x00000000e877b790,0x00000000e8780000)
  to   space 12800K, 0% used [0x00000000eaf80000,0x00000000eaf80000,0x00000000ebc00000)
 ParOldGen       total 57344K, used 11505K [0x00000000a0000000, 0x00000000a3800000, 0x00000000e0000000)
  object space 57344K, 20% used [0x00000000a0000000,0x00000000a0b3c7f8,0x00000000a3800000)
 Metaspace       used 34747K, capacity 35312K, committed 35416K, reserved 1079296K
  class space    used 4818K, capacity 5028K, committed 5120K, reserved 1048576K
Event: 12.924 GC heap after
Heap after GC invocations=9 (full 2):
 PSYoungGen      total 138752K, used 0K [0x00000000e0000000, 0x00000000ebc00000, 0x0000000100000000)
  eden space 129024K, 0% used [0x00000000e0000000,0x00000000e0000000,0x00000000e7e00000)
  from space 9728K, 0% used [0x00000000e7e00000,0x00000000e7e00000,0x00000000e8780000)
  to   space 12800K, 0% used [0x00000000eaf80000,0x00000000eaf80000,0x00000000ebc00000)
 ParOldGen       total 89088K, used 19032K [0x00000000a0000000, 0x00000000a5700000, 0x00000000e0000000)
  object space 89088K, 21% used [0x00000000a0000000,0x00000000a1296130,0x00000000a5700000)
 Metaspace       used 34747K, capacity 35312K, committed 35416K, reserved 1079296K
  class space    used 4818K, capacity 5028K, committed 5120K, reserved 1048576K
}

Deoptimization events (10 events):
Event: 14.035 Thread 0x000000001a49b000 Uncommon trap: reason=unstable_if action=reinterpret pc=0x0000000002ba717c method=java.lang.CharacterDataLatin1.isWhitespace(I)Z @ 14
Event: 14.127 Thread 0x000000001a49b000 Uncommon trap: reason=unstable_if action=reinterpret pc=0x0000000002914fe4 method=java.util.jar.JarFile.getInputStream(Ljava/util/zip/ZipEntry;)Ljava/io/InputStream; @ 37
Event: 14.130 Thread 0x000000001a49b000 Uncommon trap: reason=unstable_if action=reinterpret pc=0x0000000002ec0d44 method=java.util.jar.JarFile$JarFileEntry.getCodeSigners()[Ljava/security/CodeSigner; @ 24
Event: 14.130 Thread 0x000000001a49b000 Uncommon trap: reason=unstable_if action=reinterpret pc=0x00000000029ed9f0 method=java.security.CodeSource.<init>(Ljava/net/URL;[Ljava/security/CodeSigner;)V @ 25
Event: 14.132 Thread 0x000000001a49b000 Uncommon trap: reason=unstable_if action=reinterpret pc=0x0000000002c63c2c method=java.security.CodeSource.getCertificates()[Ljava/security/cert/Certificate; @ 22
Event: 14.133 Thread 0x000000001a49b000 Uncommon trap: reason=unstable_if action=reinterpret pc=0x0000000002c2cbcc method=java.security.CodeSource.matchCerts(Ljava/security/CodeSource;Z)Z @ 11
Event: 14.169 Thread 0x000000001a49b000 Uncommon trap: reason=unstable_if action=reinterpret pc=0x000000000312663c method=java.util.LinkedHashMap.get(Ljava/lang/Object;)Ljava/lang/Object; @ 20
Event: 14.213 Thread 0x000000001a49b000 Uncommon trap: reason=unstable_if action=reinterpret pc=0x0000000002a5627c method=java.security.CodeSource.matchCerts(Ljava/security/CodeSource;Z)Z @ 11
Event: 14.270 Thread 0x000000001a49b000 Uncommon trap: reason=unstable_if action=reinterpret pc=0x0000000002faf7cc method=org.objectweb.asm.ByteVector.putUTF8(Ljava/lang/String;)Lorg/objectweb/asm/ByteVector; @ 91
Event: 14.424 Thread 0x000000001a49b000 Uncommon trap: reason=unstable_if action=reinterpret pc=0x0000000002eb84b0 method=org.objectweb.asm.ByteVector.putUTF8(Ljava/lang/String;)Lorg/objectweb/asm/ByteVector; @ 91

Classes redefined (0 events):
No events

Internal exceptions (10 events):
Event: 12.329 Thread 0x000000001a49b000 Exception <a 'java/lang/ClassNotFoundException': build_5gruyk357ltybe3aig9a5u6v7Customizer> (0x00000000e45a7580) thrown at [D:\src\AOSP-openjdk-cygwin\jdk8u\hotspot\src\share\vm\classfile\systemDictionary.cpp, line 210]
Event: 12.334 Thread 0x000000001a49b000 Exception <a 'java/lang/ClassNotFoundException': org/gradle/api/internal/plugins/DefaultObjectConfigurationActionBeanInfo> (0x00000000e460f510) thrown at [D:\src\AOSP-openjdk-cygwin\jdk8u\hotspot\src\share\vm\classfile\systemDictionary.cpp, line 210]
Event: 12.334 Thread 0x000000001a49b000 Exception <a 'java/lang/ClassNotFoundException': org/gradle/api/internal/plugins/DefaultObjectConfigurationActionCustomizer> (0x00000000e46491c0) thrown at [D:\src\AOSP-openjdk-cygwin\jdk8u\hotspot\src\share\vm\classfile\systemDictionary.cpp, line 210]
Event: 12.703 Thread 0x000000001a49b000 Exception <a 'sun/nio/fs/WindowsException'> (0x00000000e5412d68) thrown at [D:\src\AOSP-openjdk-cygwin\jdk8u\hotspot\src\share\vm\prims\jni.cpp, line 709]
Event: 13.076 Thread 0x000000001a49b000 Exception <a 'sun/nio/fs/WindowsException'> (0x00000000e0685538) thrown at [D:\src\AOSP-openjdk-cygwin\jdk8u\hotspot\src\share\vm\prims\jni.cpp, line 709]
Event: 13.974 Thread 0x000000001a49b000 Implicit null exception at 0x000000000325ace8 to 0x000000000325b1f9
Event: 14.447 Thread 0x000000001a49b000 Exception <a 'java/lang/ClassNotFoundException': com/android/build/gradle/internal/api/DefaultAndroidSourceSet_DecoratedBeanInfo> (0x00000000e4f94a30) thrown at [D:\src\AOSP-openjdk-cygwin\jdk8u\hotspot\src\share\vm\classfile\systemDictionary.cpp, line 21
Event: 14.448 Thread 0x000000001a49b000 Exception <a 'java/lang/ClassNotFoundException': com/android/build/gradle/internal/api/DefaultAndroidSourceSetBeanInfo> (0x00000000e4faec88) thrown at [D:\src\AOSP-openjdk-cygwin\jdk8u\hotspot\src\share\vm\classfile\systemDictionary.cpp, line 210]
Event: 14.449 Thread 0x000000001a49b000 Exception <a 'java/lang/ClassNotFoundException': com/android/build/gradle/internal/api/DefaultAndroidSourceSetCustomizer> (0x00000000e4fc9380) thrown at [D:\src\AOSP-openjdk-cygwin\jdk8u\hotspot\src\share\vm\classfile\systemDictionary.cpp, line 210]
Event: 14.454 Thread 0x000000001a49b000 Exception <a 'java/lang/ClassNotFoundException': com/android/build/gradle/internal/api/DefaultAndroidSourceSet_DecoratedCustomizer> (0x00000000e503c078) thrown at [D:\src\AOSP-openjdk-cygwin\jdk8u\hotspot\src\share\vm\classfile\systemDictionary.cpp, line 

Events (10 events):
Event: 14.704 loading class com/android/tools/build/jetifier/core/pom/PomRewriteRule$Companion
Event: 14.704 loading class com/android/tools/build/jetifier/core/pom/PomRewriteRule$Companion done
Event: 14.705 loading class com/android/tools/build/jetifier/core/type/JavaType
Event: 14.706 loading class com/android/tools/build/jetifier/core/type/JavaType done
Event: 14.707 loading class com/android/tools/build/jetifier/core/type/JavaType$Companion
Event: 14.707 loading class com/android/tools/build/jetifier/core/type/JavaType$Companion done
Event: 14.707 loading class kotlin/TuplesKt
Event: 14.707 loading class kotlin/TuplesKt done
Event: 14.707 loading class kotlin/TuplesKt
Event: 14.707 loading class kotlin/TuplesKt done


Dynamic libraries:
0x00007ff784a70000 - 0x00007ff784aa1000 	C:\Program Files\Android\Android Studio\jre\bin\java.exe
0x00007ffc7d070000 - 0x00007ffc7d251000 	C:\WINDOWS\SYSTEM32\ntdll.dll
0x00007ffc7a9e0000 - 0x00007ffc7aa92000 	C:\WINDOWS\System32\KERNEL32.DLL
0x00007ffc795c0000 - 0x00007ffc79833000 	C:\WINDOWS\System32\KERNELBASE.dll
0x00007ffc7b880000 - 0x00007ffc7b921000 	C:\WINDOWS\System32\ADVAPI32.dll
0x00007ffc7cfa0000 - 0x00007ffc7d03e000 	C:\WINDOWS\System32\msvcrt.dll
0x00007ffc7b930000 - 0x00007ffc7b98b000 	C:\WINDOWS\System32\sechost.dll
0x00007ffc7aad0000 - 0x00007ffc7abf4000 	C:\WINDOWS\System32\RPCRT4.dll
0x00007ffc7b050000 - 0x00007ffc7b1e0000 	C:\WINDOWS\System32\USER32.dll
0x00007ffc79840000 - 0x00007ffc79860000 	C:\WINDOWS\System32\win32u.dll
0x00007ffc7a870000 - 0x00007ffc7a898000 	C:\WINDOWS\System32\GDI32.dll
0x00007ffc7a360000 - 0x00007ffc7a4f2000 	C:\WINDOWS\System32\gdi32full.dll
0x00007ffc79860000 - 0x00007ffc798ff000 	C:\WINDOWS\System32\msvcp_win.dll
0x00007ffc794c0000 - 0x00007ffc795ba000 	C:\WINDOWS\System32\ucrtbase.dll
0x00007ffc693c0000 - 0x00007ffc69629000 	C:\WINDOWS\WinSxS\amd64_microsoft.windows.common-controls_6595b64144ccf1df_6.0.17134.471_none_fb3e9aab3068fc16\COMCTL32.dll
0x00007ffc7b430000 - 0x00007ffc7b752000 	C:\WINDOWS\System32\combase.dll
0x00007ffc79440000 - 0x00007ffc794ba000 	C:\WINDOWS\System32\bcryptPrimitives.dll
0x00007ffc7aaa0000 - 0x00007ffc7aacd000 	C:\WINDOWS\System32\IMM32.DLL
0x0000000074240000 - 0x0000000074312000 	C:\Program Files\Android\Android Studio\jre\jre\bin\msvcr100.dll
0x0000000074420000 - 0x0000000074c61000 	C:\Program Files\Android\Android Studio\jre\jre\bin\server\jvm.dll
0x00007ffc7a8a0000 - 0x00007ffc7a8a8000 	C:\WINDOWS\System32\PSAPI.DLL
0x00007ffc5f4e0000 - 0x00007ffc5f4e9000 	C:\WINDOWS\SYSTEM32\WSOCK32.dll
0x00007ffc76f90000 - 0x00007ffc76fb3000 	C:\WINDOWS\SYSTEM32\WINMM.dll
0x00007ffc72090000 - 0x00007ffc7209a000 	C:\WINDOWS\SYSTEM32\VERSION.dll
0x00007ffc7b770000 - 0x00007ffc7b7dc000 	C:\WINDOWS\System32\WS2_32.dll
0x00007ffc76f10000 - 0x00007ffc76f3a000 	C:\WINDOWS\SYSTEM32\winmmbase.dll
0x00007ffc79900000 - 0x00007ffc79949000 	C:\WINDOWS\System32\cfgmgr32.dll
0x00007ffc76020000 - 0x00007ffc7602f000 	C:\Program Files\Android\Android Studio\jre\jre\bin\verify.dll
0x00007ffc75d70000 - 0x00007ffc75d99000 	C:\Program Files\Android\Android Studio\jre\jre\bin\java.dll
0x00007ffc75d50000 - 0x00007ffc75d66000 	C:\Program Files\Android\Android Studio\jre\jre\bin\zip.dll
0x00007ffc7b990000 - 0x00007ffc7cdd0000 	C:\WINDOWS\System32\SHELL32.dll
0x00007ffc7b360000 - 0x00007ffc7b409000 	C:\WINDOWS\System32\shcore.dll
0x00007ffc79c50000 - 0x00007ffc7a35d000 	C:\WINDOWS\System32\windows.storage.dll
0x00007ffc7cde0000 - 0x00007ffc7ce31000 	C:\WINDOWS\System32\shlwapi.dll
0x00007ffc79380000 - 0x00007ffc79391000 	C:\WINDOWS\System32\kernel.appcore.dll
0x00007ffc79400000 - 0x00007ffc7941f000 	C:\WINDOWS\System32\profapi.dll
0x00007ffc793a0000 - 0x00007ffc793ec000 	C:\WINDOWS\System32\powrprof.dll
0x00007ffc793f0000 - 0x00007ffc793fa000 	C:\WINDOWS\System32\FLTLIB.DLL
0x00007ffc75d30000 - 0x00007ffc75d4a000 	C:\Program Files\Android\Android Studio\jre\jre\bin\net.dll
0x00007ffc78c00000 - 0x00007ffc78c66000 	C:\WINDOWS\system32\mswsock.dll
0x00007ffc72280000 - 0x00007ffc72291000 	C:\Program Files\Android\Android Studio\jre\jre\bin\nio.dll
0x00007ffc75d10000 - 0x00007ffc75d2e000 	C:\Users\doome\.gradle\native\25\windows-amd64\native-platform.dll
0x00007ffc74c20000 - 0x00007ffc74c2d000 	C:\Program Files\Android\Android Studio\jre\jre\bin\management.dll
0x00007ffc78db0000 - 0x00007ffc78dc7000 	C:\WINDOWS\SYSTEM32\CRYPTSP.dll
0x00007ffc787e0000 - 0x00007ffc78813000 	C:\WINDOWS\system32\rsaenh.dll
0x00007ffc78ee0000 - 0x00007ffc78f05000 	C:\WINDOWS\SYSTEM32\bcrypt.dll
0x00007ffc79280000 - 0x00007ffc792a8000 	C:\WINDOWS\SYSTEM32\USERENV.dll
0x00007ffc78dd0000 - 0x00007ffc78ddb000 	C:\WINDOWS\SYSTEM32\CRYPTBASE.dll
0x00007ffc78980000 - 0x00007ffc789b8000 	C:\WINDOWS\SYSTEM32\IPHLPAPI.DLL
0x00007ffc7b760000 - 0x00007ffc7b768000 	C:\WINDOWS\System32\NSI.dll
0x00007ffc6f160000 - 0x00007ffc6f176000 	C:\WINDOWS\SYSTEM32\dhcpcsvc6.DLL
0x00007ffc6f270000 - 0x00007ffc6f28a000 	C:\WINDOWS\SYSTEM32\dhcpcsvc.DLL

VM Arguments:
jvm_args: -Xmx1536m -Dfile.encoding=windows-1252 -Duser.country=US -Duser.language=en -Duser.variant 
java_command: org.gradle.launcher.daemon.bootstrap.GradleDaemon 4.6
java_class_path (initial): C:\Users\doome\.gradle\wrapper\dists\gradle-4.6-all\bcst21l2brirad8k2ben1letg\gradle-4.6\lib\gradle-launcher-4.6.jar
Launcher Type: SUN_STANDARD

Environment Variables:
PATH=C:\Program Files (x86)\Common Files\Oracle\Java\javapath;C:\Program Files\Oculus\Support\oculus-runtime;C:\Program Files (x86)\Intel\Intel(R) Management Engine Components\iCLS\;C:\Program Files\Intel\Intel(R) Management Engine Components\iCLS\;C:\Windows\system32;C:\Windows;C:\Windows\System32\Wbem;C:\Windows\System32\WindowsPowerShell\v1.0\;C:\Program Files (x86)\Intel\Intel(R) Management Engine Components\DAL;C:\Program Files\Intel\Intel(R) Management Engine Components\DAL;C:\Program Files (x86)\Intel\Intel(R) Management Engine Components\IPT;C:\Program Files\Intel\Intel(R) Management Engine Components\IPT;C:\Program Files (x86)\NVIDIA Corporation\PhysX\Common;C:\WINDOWS\system32;C:\WINDOWS;C:\WINDOWS\System32\Wbem;C:\WINDOWS\System32\WindowsPowerShell\v1.0\;C:\WINDOWS\System32\OpenSSH\;C:\Program Files\Intel\WiFi\bin\;C:\Program Files\Common Files\Intel\WirelessCommon\;C:\Program Files\Git\cmd;C:\Users\doome\AppData\Local\Microsoft\WindowsApps;
USERNAME=doome
OS=Windows_NT
PROCESSOR_IDENTIFIER=Intel64 Family 6 Model 158 Stepping 10, GenuineIntel



---------------  S Y S T E M  ---------------

OS: Windows 10.0 , 64 bit Build 17134 (10.0.17134.1)

CPU:total 8 (initial active 8) (4 cores per cpu, 2 threads per core) family 6 model 158 stepping 10, cmov, cx8, fxsr, mmx, sse, sse2, sse3, ssse3, sse4.1, sse4.2, popcnt, avx, avx2, aes, clmul, erms, 3dnowpref, lzcnt, ht, tsc, tscinvbit, bmi1, bmi2, adx

Memory: 4k page, physical 8227124k(1398164k free), swap 14371124k(5384k free)

vm_info: OpenJDK 64-Bit Server VM (25.152-b06) for windows-amd64 JRE (1.8.0_152-release-1136-b06), built by "builder" with MS VC++ 10.0 (VS2010)

time: Sat Dec 15 15:56:04 2018
elapsed time: 14 seconds (0d 0h 0m 14s)

