#
# There is insufficient memory for the Java Runtime Environment to continue.
# Native memory allocation (malloc) failed to allocate 65552 bytes for Chunk::new
# Possible reasons:
#   The system is out of physical RAM or swap space
#   In 32 bit mode, the process size limit was hit
# Possible solutions:
#   Reduce memory load on the system
#   Increase physical memory or swap space
#   Check if swap backing store is full
#   Use 64 bit Java on a 64 bit OS
#   Decrease Java heap size (-Xmx/-Xms)
#   Decrease number of Java threads
#   Decrease Java thread stack sizes (-Xss)
#   Set larger code cache with -XX:ReservedCodeCacheSize=
# This output file may be truncated or incomplete.
#
#  Out of Memory Error (allocation.cpp:390), pid=5044, tid=0x0000000000000410
#
# JRE version: OpenJDK Runtime Environment (8.0_152-b06) (build 1.8.0_152-release-1136-b06)
# Java VM: OpenJDK 64-Bit Server VM (25.152-b06 mixed mode windows-amd64 compressed oops)
# Failed to write core dump. Minidumps are not enabled by default on client versions of Windows
#

---------------  T H R E A D  ---------------

Current thread (0x0000000018aec000):  JavaThread "C2 CompilerThread0" daemon [_thread_in_native, id=1040, stack(0x00000000192b0000,0x00000000193b0000)]

Stack: [0x00000000192b0000,0x00000000193b0000]
[error occurred during error reporting (printing stack bounds), id 0xc0000005]

Native frames: (J=compiled Java code, j=interpreted, Vv=VM code, C=native code)


Current CompileTask:
C2: 523320 16024       4       org.gradle.api.internal.artifacts.ivyservice.resolveengine.artifact.ArtifactBackedResolvedVariant$SingleArtifactSet::startVisit (92 bytes)


---------------  P R O C E S S  ---------------

Java Threads: ( => current thread )
  0x000000001afa6000 JavaThread "Task worker for ':' Thread 7" [_thread_blocked, id=784, stack(0x0000000030e70000,0x0000000030f70000)]
  0x000000001afa7000 JavaThread "Task worker for ':' Thread 6" [_thread_blocked, id=14956, stack(0x0000000030d70000,0x0000000030e70000)]
  0x000000001afaa800 JavaThread "Task worker for ':' Thread 5" [_thread_blocked, id=2364, stack(0x0000000030c70000,0x0000000030d70000)]
  0x000000001afab800 JavaThread "Task worker for ':' Thread 4" [_thread_blocked, id=16456, stack(0x0000000030b70000,0x0000000030c70000)]
  0x000000001afad000 JavaThread "Task worker for ':' Thread 3" [_thread_blocked, id=9272, stack(0x0000000030a70000,0x0000000030b70000)]
  0x000000001afa9000 JavaThread "Task worker for ':' Thread 2" [_thread_in_Java, id=7968, stack(0x0000000030970000,0x0000000030a70000)]
  0x0000000025600000 JavaThread "Task worker for ':'" [_thread_blocked, id=3748, stack(0x0000000030870000,0x0000000030970000)]
  0x00000000255ff000 JavaThread "Cache worker for Build Output Cleanup Cache (C:\Users\doome\AndroidStudioProjects\Textbaseddungeoncrawler\.gradle\buildOutputCleanup)" [_thread_blocked, id=9008, stack(0x0000000030770000,0x0000000030870000)]
  0x00000000255fe800 JavaThread "Cache worker for task history cache (C:\Users\doome\AndroidStudioProjects\Textbaseddungeoncrawler\.gradle\4.6\taskHistory)" [_thread_blocked, id=13976, stack(0x0000000030670000,0x0000000030770000)]
  0x0000000025600800 JavaThread "Cache worker for file content cache (C:\Users\doome\AndroidStudioProjects\Textbaseddungeoncrawler\.gradle\4.6\fileContent)" [_thread_blocked, id=11772, stack(0x0000000030570000,0x0000000030670000)]
  0x0000000025603000 JavaThread "Build operations Thread 8" [_thread_blocked, id=10728, stack(0x0000000030470000,0x0000000030570000)]
  0x00000000255fd800 JavaThread "Build operations Thread 7" [_thread_blocked, id=12224, stack(0x0000000030370000,0x0000000030470000)]
  0x0000000025602000 JavaThread "Build operations Thread 6" [_thread_blocked, id=17212, stack(0x0000000030270000,0x0000000030370000)]
  0x00000000255f6000 JavaThread "Build operations Thread 5" [_thread_blocked, id=1868, stack(0x0000000030170000,0x0000000030270000)]
  0x00000000255fc000 JavaThread "Build operations Thread 4" [_thread_blocked, id=9248, stack(0x0000000030070000,0x0000000030170000)]
  0x00000000255fd000 JavaThread "Build operations Thread 3" [_thread_blocked, id=16836, stack(0x000000002ff70000,0x0000000030070000)]
  0x00000000255f4800 JavaThread "Build operations Thread 2" [_thread_blocked, id=10380, stack(0x000000002fe70000,0x000000002ff70000)]
  0x00000000255fb800 JavaThread "Build operations" [_thread_blocked, id=9992, stack(0x000000002fd70000,0x000000002fe70000)]
  0x00000000255f7800 JavaThread "Cache worker for Artifact transforms cache (C:\Users\doome\.gradle\caches\transforms-1)" [_thread_blocked, id=14448, stack(0x000000002fc70000,0x000000002fd70000)]
  0x00000000255fa800 JavaThread "Cache worker for file hash cache (C:\Users\doome\AndroidStudioProjects\Textbaseddungeoncrawler\.gradle\4.6\fileHashes)" [_thread_blocked, id=12348, stack(0x000000002fb70000,0x000000002fc70000)]
  0x00000000255f4000 JavaThread "Stdin handler" [_thread_blocked, id=2504, stack(0x000000002fa70000,0x000000002fb70000)]
  0x00000000255fa000 JavaThread "Asynchronous log dispatcher for DefaultDaemonConnection: socket connection from /127.0.0.1:50071 to /127.0.0.1:50462" [_thread_blocked, id=16532, stack(0x000000002f970000,0x000000002fa70000)]
  0x00000000255f7000 JavaThread "Daemon worker Thread 4" [_thread_blocked, id=13408, stack(0x000000002f870000,0x000000002f970000)]
  0x00000000255f5800 JavaThread "Cancel handler" [_thread_blocked, id=15480, stack(0x000000002f770000,0x000000002f870000)]
  0x00000000255f9000 JavaThread "Handler for socket connection from /127.0.0.1:50071 to /127.0.0.1:50462" [_thread_in_native, id=1440, stack(0x000000002f670000,0x000000002f770000)]
  0x00000000255f8800 JavaThread "Daemon Thread 4" [_thread_blocked, id=15656, stack(0x000000002f570000,0x000000002f670000)]
  0x000000001afaa000 JavaThread "Memory manager" [_thread_blocked, id=17168, stack(0x00000000232d0000,0x00000000233d0000)]
  0x000000001afa8800 JavaThread "pool-1-thread-1" [_thread_blocked, id=15796, stack(0x0000000022fd0000,0x00000000230d0000)]
  0x000000001ae7c800 JavaThread "File lock request listener" [_thread_in_native, id=10300, stack(0x000000001c500000,0x000000001c600000)]
  0x000000001ac24000 JavaThread "Cache worker for file hash cache (C:\Users\doome\.gradle\caches\4.6\fileHashes)" [_thread_blocked, id=1608, stack(0x000000001c400000,0x000000001c500000)]
  0x000000001aac4000 JavaThread "Daemon periodic checks" [_thread_blocked, id=14532, stack(0x000000001b800000,0x000000001b900000)]
  0x000000001aa36800 JavaThread "Incoming local TCP Connector on port 50071" [_thread_in_native, id=5876, stack(0x000000001b5c0000,0x000000001b6c0000)]
  0x0000000018b7a000 JavaThread "Service Thread" daemon [_thread_blocked, id=14888, stack(0x00000000196b0000,0x00000000197b0000)]
  0x0000000018af8000 JavaThread "C1 CompilerThread3" daemon [_thread_blocked, id=6184, stack(0x00000000195b0000,0x00000000196b0000)]
  0x0000000018af2000 JavaThread "C2 CompilerThread2" daemon [_thread_in_native, id=10852, stack(0x00000000194b0000,0x00000000195b0000)]
  0x0000000018af1000 JavaThread "C2 CompilerThread1" daemon [_thread_blocked, id=15400, stack(0x00000000193b0000,0x00000000194b0000)]
=>0x0000000018aec000 JavaThread "C2 CompilerThread0" daemon [_thread_in_native, id=1040, stack(0x00000000192b0000,0x00000000193b0000)]
  0x0000000018aeb000 JavaThread "Attach Listener" daemon [_thread_blocked, id=17280, stack(0x00000000191b0000,0x00000000192b0000)]
  0x0000000018ae8000 JavaThread "Signal Dispatcher" daemon [_thread_blocked, id=10108, stack(0x00000000190b0000,0x00000000191b0000)]
  0x0000000018ae0800 JavaThread "Finalizer" daemon [_thread_blocked, id=9680, stack(0x0000000018ec0000,0x0000000018fc0000)]
  0x0000000002e37800 JavaThread "Reference Handler" daemon [_thread_blocked, id=15804, stack(0x00000000189c0000,0x0000000018ac0000)]
  0x0000000002c1d800 JavaThread "main" [_thread_blocked, id=16424, stack(0x0000000002c40000,0x0000000002d40000)]

Other Threads:
  0x0000000016bf7800 VMThread [stack: 0x00000000188c0000,0x00000000189c0000] [id=16976]
  0x0000000018b7b000 WatcherThread [stack: 0x00000000197b0000,0x00000000198b0000] [id=3364]

VM state:not at safepoint (normal execution)

VM Mutex/Monitor currently owned by a thread: None

Heap:
 PSYoungGen      total 233472K, used 213435K [0x00000000e0000000, 0x00000000efc00000, 0x0000000100000000)
  eden space 212992K, 93% used [0x00000000e0000000,0x00000000ec1bf588,0x00000000ed000000)
  from space 20480K, 73% used [0x00000000ee800000,0x00000000ef6af868,0x00000000efc00000)
  to   space 22528K, 0% used [0x00000000ed000000,0x00000000ed000000,0x00000000ee600000)
 ParOldGen       total 137216K, used 51325K [0x00000000a0000000, 0x00000000a8600000, 0x00000000e0000000)
  object space 137216K, 37% used [0x00000000a0000000,0x00000000a321f5d8,0x00000000a8600000)
 Metaspace       used 82914K, capacity 87696K, committed 87808K, reserved 1126400K
  class space    used 10831K, capacity 11685K, committed 11776K, reserved 1048576K

Card table byte_map: [0x0000000012200000,0x0000000012510000] byte_map_base: 0x0000000011d00000

Marking Bits: (ParMarkBitMap*) 0x0000000076da5aa0
 Begin Bits: [0x0000000012f10000, 0x0000000014710000)
 End Bits:   [0x0000000014710000, 0x0000000015f10000)

Polling page: 0x0000000000e30000

CodeCache: size=245760Kb used=42837Kb max_used=42848Kb free=202922Kb
 bounds [0x0000000002e40000, 0x0000000005850000, 0x0000000011e40000]
 total_blobs=13926 nmethods=13069 adapters=768
 compilation: enabled

Compilation events (10 events):
Event: 523.023 Thread 0x0000000018af8000 nmethod 16022 0x0000000005836c10 code [0x0000000005836d80, 0x0000000005837010]
Event: 523.023 Thread 0x0000000018af8000 16023       3       org.gradle.api.internal.artifacts.ProjectBackedModule::<init> (10 bytes)
Event: 523.023 Thread 0x0000000018af8000 nmethod 16023 0x0000000005847b50 code [0x0000000005847ca0, 0x0000000005847e70]
Event: 523.024 Thread 0x0000000018aec000 16024       4       org.gradle.api.internal.artifacts.ivyservice.resolveengine.artifact.ArtifactBackedResolvedVariant$SingleArtifactSet::startVisit (92 bytes)
Event: 523.024 Thread 0x0000000018af8000 16025       1       org.gradle.internal.progress.DefaultBuildOperationExecutor$DefaultBuildOperationContext::setResult (6 bytes)
Event: 523.025 Thread 0x0000000018af8000 nmethod 16025 0x00000000058368d0 code [0x0000000005836a20, 0x0000000005836b50]
Event: 523.027 Thread 0x0000000018af8000 16026       3       org.gradle.api.internal.changedetection.rules.CachingTaskStateChanges::reset (28 bytes)
Event: 523.027 Thread 0x0000000018af8000 nmethod 16026 0x00000000058475d0 code [0x0000000005847740, 0x0000000005847a58]
Event: 523.035 Thread 0x0000000018af1000 16027       4       org.gradle.api.internal.file.collections.DefaultFileCollectionResolveContext::add (13 bytes)
Event: 523.044 Thread 0x0000000018af1000 nmethod 16027 0x000000000584ce50 code [0x000000000584cfc0, 0x000000000584d578]

GC Heap History (10 events):
Event: 287.229 GC heap before
{Heap before GC invocations=19 (full 3):
 PSYoungGen      total 165376K, used 156257K [0x00000000e0000000, 0x00000000ecb00000, 0x0000000100000000)
  eden space 146944K, 100% used [0x00000000e0000000,0x00000000e8f80000,0x00000000e8f80000)
  from space 18432K, 50% used [0x00000000e8f80000,0x00000000e9898598,0x00000000ea180000)
  to   space 17408K, 0% used [0x00000000eba00000,0x00000000eba00000,0x00000000ecb00000)
 ParOldGen       total 137216K, used 33141K [0x00000000a0000000, 0x00000000a8600000, 0x00000000e0000000)
  object space 137216K, 24% used [0x00000000a0000000,0x00000000a205d440,0x00000000a8600000)
 Metaspace       used 67964K, capacity 69946K, committed 70144K, reserved 1110016K
  class space    used 8760K, capacity 9194K, committed 9216K, reserved 1048576K
Event: 287.264 GC heap after
Heap after GC invocations=19 (full 3):
 PSYoungGen      total 160256K, used 17384K [0x00000000e0000000, 0x00000000ecb00000, 0x0000000100000000)
  eden space 142848K, 0% used [0x00000000e0000000,0x00000000e0000000,0x00000000e8b80000)
  from space 17408K, 99% used [0x00000000eba00000,0x00000000ecafa028,0x00000000ecb00000)
  to   space 20992K, 0% used [0x00000000ea200000,0x00000000ea200000,0x00000000eb680000)
 ParOldGen       total 137216K, used 36756K [0x00000000a0000000, 0x00000000a8600000, 0x00000000e0000000)
  object space 137216K, 26% used [0x00000000a0000000,0x00000000a23e52a0,0x00000000a8600000)
 Metaspace       used 67964K, capacity 69946K, committed 70144K, reserved 1110016K
  class space    used 8760K, capacity 9194K, committed 9216K, reserved 1048576K
}
Event: 289.727 GC heap before
{Heap before GC invocations=20 (full 3):
 PSYoungGen      total 160256K, used 159620K [0x00000000e0000000, 0x00000000ecb00000, 0x0000000100000000)
  eden space 142848K, 99% used [0x00000000e0000000,0x00000000e8ae7250,0x00000000e8b80000)
  from space 17408K, 99% used [0x00000000eba00000,0x00000000ecafa028,0x00000000ecb00000)
  to   space 20992K, 0% used [0x00000000ea200000,0x00000000ea200000,0x00000000eb680000)
 ParOldGen       total 137216K, used 36756K [0x00000000a0000000, 0x00000000a8600000, 0x00000000e0000000)
  object space 137216K, 26% used [0x00000000a0000000,0x00000000a23e52a0,0x00000000a8600000)
 Metaspace       used 69768K, capacity 71840K, committed 71936K, reserved 1112064K
  class space    used 8969K, capacity 9435K, committed 9472K, reserved 1048576K
Event: 289.745 GC heap after
Heap after GC invocations=20 (full 3):
 PSYoungGen      total 157184K, used 18046K [0x00000000e0000000, 0x00000000eba80000, 0x0000000100000000)
  eden space 138752K, 0% used [0x00000000e0000000,0x00000000e0000000,0x00000000e8780000)
  from space 18432K, 97% used [0x00000000ea200000,0x00000000eb39fb68,0x00000000eb400000)
  to   space 6656K, 0% used [0x00000000eb400000,0x00000000eb400000,0x00000000eba80000)
 ParOldGen       total 137216K, used 36764K [0x00000000a0000000, 0x00000000a8600000, 0x00000000e0000000)
  object space 137216K, 26% used [0x00000000a0000000,0x00000000a23e72a0,0x00000000a8600000)
 Metaspace       used 69768K, capacity 71840K, committed 71936K, reserved 1112064K
  class space    used 8969K, capacity 9435K, committed 9472K, reserved 1048576K
}
Event: 289.767 GC heap before
{Heap before GC invocations=21 (full 3):
 PSYoungGen      total 157184K, used 156103K [0x00000000e0000000, 0x00000000eba80000, 0x0000000100000000)
  eden space 138752K, 99% used [0x00000000e0000000,0x00000000e86d2400,0x00000000e8780000)
  from space 18432K, 97% used [0x00000000ea200000,0x00000000eb39fb68,0x00000000eb400000)
  to   space 6656K, 0% used [0x00000000eb400000,0x00000000eb400000,0x00000000eba80000)
 ParOldGen       total 137216K, used 36764K [0x00000000a0000000, 0x00000000a8600000, 0x00000000e0000000)
  object space 137216K, 26% used [0x00000000a0000000,0x00000000a23e72a0,0x00000000a8600000)
 Metaspace       used 69775K, capacity 71840K, committed 71936K, reserved 1112064K
  class space    used 8969K, capacity 9435K, committed 9472K, reserved 1048576K
Event: 289.779 GC heap after
Heap after GC invocations=21 (full 3):
 PSYoungGen      total 167424K, used 6640K [0x00000000e0000000, 0x00000000ee500000, 0x0000000100000000)
  eden space 160768K, 0% used [0x00000000e0000000,0x00000000e0000000,0x00000000e9d00000)
  from space 6656K, 99% used [0x00000000eb400000,0x00000000eba7c308,0x00000000eba80000)
  to   space 23552K, 0% used [0x00000000e9d00000,0x00000000e9d00000,0x00000000eb400000)
 ParOldGen       total 137216K, used 46585K [0x00000000a0000000, 0x00000000a8600000, 0x00000000e0000000)
  object space 137216K, 33% used [0x00000000a0000000,0x00000000a2d7e410,0x00000000a8600000)
 Metaspace       used 69775K, capacity 71840K, committed 71936K, reserved 1112064K
  class space    used 8969K, capacity 9435K, committed 9472K, reserved 1048576K
}
Event: 290.973 GC heap before
{Heap before GC invocations=22 (full 3):
 PSYoungGen      total 167424K, used 167408K [0x00000000e0000000, 0x00000000ee500000, 0x0000000100000000)
  eden space 160768K, 100% used [0x00000000e0000000,0x00000000e9d00000,0x00000000e9d00000)
  from space 6656K, 99% used [0x00000000eb400000,0x00000000eba7c308,0x00000000eba80000)
  to   space 23552K, 0% used [0x00000000e9d00000,0x00000000e9d00000,0x00000000eb400000)
 ParOldGen       total 137216K, used 46585K [0x00000000a0000000, 0x00000000a8600000, 0x00000000e0000000)
  object space 137216K, 33% used [0x00000000a0000000,0x00000000a2d7e410,0x00000000a8600000)
 Metaspace       used 73559K, capacity 76276K, committed 76416K, reserved 1116160K
  class space    used 9443K, capacity 10015K, committed 10112K, reserved 1048576K
Event: 290.988 GC heap after
Heap after GC invocations=22 (full 3):
 PSYoungGen      total 184320K, used 11803K [0x00000000e0000000, 0x00000000efe00000, 0x0000000100000000)
  eden space 160768K, 0% used [0x00000000e0000000,0x00000000e0000000,0x00000000e9d00000)
  from space 23552K, 50% used [0x00000000e9d00000,0x00000000ea886f98,0x00000000eb400000)
  to   space 22528K, 0% used [0x00000000ee800000,0x00000000ee800000,0x00000000efe00000)
 ParOldGen       total 137216K, used 49166K [0x00000000a0000000, 0x00000000a8600000, 0x00000000e0000000)
  object space 137216K, 35% used [0x00000000a0000000,0x00000000a3003ac8,0x00000000a8600000)
 Metaspace       used 73559K, capacity 76276K, committed 76416K, reserved 1116160K
  class space    used 9443K, capacity 10015K, committed 10112K, reserved 1048576K
}
Event: 293.811 GC heap before
{Heap before GC invocations=23 (full 3):
 PSYoungGen      total 184320K, used 172571K [0x00000000e0000000, 0x00000000efe00000, 0x0000000100000000)
  eden space 160768K, 100% used [0x00000000e0000000,0x00000000e9d00000,0x00000000e9d00000)
  from space 23552K, 50% used [0x00000000e9d00000,0x00000000ea886f98,0x00000000eb400000)
  to   space 22528K, 0% used [0x00000000ee800000,0x00000000ee800000,0x00000000efe00000)
 ParOldGen       total 137216K, used 49166K [0x00000000a0000000, 0x00000000a8600000, 0x00000000e0000000)
  object space 137216K, 35% used [0x00000000a0000000,0x00000000a3003ac8,0x00000000a8600000)
 Metaspace       used 80895K, capacity 85348K, committed 85632K, reserved 1124352K
  class space    used 10543K, capacity 11347K, committed 11392K, reserved 1048576K
Event: 293.828 GC heap after
Heap after GC invocations=23 (full 3):
 PSYoungGen      total 233472K, used 15038K [0x00000000e0000000, 0x00000000efc00000, 0x0000000100000000)
  eden space 212992K, 0% used [0x00000000e0000000,0x00000000e0000000,0x00000000ed000000)
  from space 20480K, 73% used [0x00000000ee800000,0x00000000ef6af868,0x00000000efc00000)
  to   space 22528K, 0% used [0x00000000ed000000,0x00000000ed000000,0x00000000ee600000)
 ParOldGen       total 137216K, used 51325K [0x00000000a0000000, 0x00000000a8600000, 0x00000000e0000000)
  object space 137216K, 37% used [0x00000000a0000000,0x00000000a321f5d8,0x00000000a8600000)
 Metaspace       used 80895K, capacity 85348K, committed 85632K, reserved 1124352K
  class space    used 10543K, capacity 11347K, committed 11392K, reserved 1048576K
}

Deoptimization events (10 events):
Event: 296.705 Thread 0x00000000255f6000 Uncommon trap: reason=unstable_if action=reinterpret pc=0x0000000003e6fa5c method=java.lang.reflect.Proxy.isProxyClass(Ljava/lang/Class;)Z @ 6
Event: 296.705 Thread 0x00000000255f6000 Uncommon trap: reason=unstable_if action=reinterpret pc=0x00000000046406a4 method=java.lang.reflect.Proxy.isProxyClass(Ljava/lang/Class;)Z @ 6
Event: 296.710 Thread 0x00000000255f6000 Uncommon trap: reason=bimorphic action=maybe_recompile pc=0x0000000004fa1908 method=com.google.common.cache.LocalCache$Segment.setValue(Lcom/google/common/cache/LocalCache$ReferenceEntry;Ljava/lang/Object;Ljava/lang/Object;J)V @ 76
Event: 296.710 Thread 0x00000000255f6000 Uncommon trap: reason=bimorphic action=maybe_recompile pc=0x0000000004fa1e98 method=com.google.common.cache.LocalCache$Segment.setValue(Lcom/google/common/cache/LocalCache$ReferenceEntry;Ljava/lang/Object;Ljava/lang/Object;J)V @ 51
Event: 296.710 Thread 0x00000000255f6000 Uncommon trap: reason=bimorphic action=maybe_recompile pc=0x0000000004fa1908 method=com.google.common.cache.LocalCache$Segment.setValue(Lcom/google/common/cache/LocalCache$ReferenceEntry;Ljava/lang/Object;Ljava/lang/Object;J)V @ 76
Event: 296.722 Thread 0x00000000255f6000 Uncommon trap: reason=unstable_if action=reinterpret pc=0x000000000528e344 method=java.io.ObjectOutputStream$ReplaceTable.lookup(Ljava/lang/Object;)Ljava/lang/Object; @ 10
Event: 520.253 Thread 0x00000000255f4000 Uncommon trap: reason=unstable_if action=reinterpret pc=0x000000000537c7c8 method=org.gradle.internal.logging.sink.OutputEventRenderer.onOutput(Lorg/gradle/internal/logging/events/OutputEvent;)V @ 24
Event: 520.373 Thread 0x00000000255f7000 Uncommon trap: reason=predicate action=maybe_recompile pc=0x00000000050314ac method=com.google.common.collect.ImmutableSet.construct(I[Ljava/lang/Object;)Lcom/google/common/collect/ImmutableSet; @ 71
Event: 521.246 Thread 0x00000000255f7000 Uncommon trap: reason=class_check action=maybe_recompile pc=0x0000000004117d70 method=com.google.common.collect.AbstractMapBasedMultimap$WrappedCollection.refreshIfEmpty()V @ 40
Event: 522.333 Thread 0x00000000255f6000 Uncommon trap: reason=unstable_if action=reinterpret pc=0x0000000004e0ae0c method=java.util.concurrent.ConcurrentHashMap.putVal(Ljava/lang/Object;Ljava/lang/Object;Z)Ljava/lang/Object; @ 113

Classes redefined (0 events):
No events

Internal exceptions (10 events):
Event: 296.852 Thread 0x00000000255fa000 Exception <a 'java/lang/NoSuchMethodError': <clinit>> (0x00000000e9afaa28) thrown at [D:\src\AOSP-openjdk-cygwin\jdk8u\hotspot\src\share\vm\prims\jni.cpp, line 1613]
Event: 296.852 Thread 0x00000000255fa000 Exception <a 'java/lang/NoSuchMethodError': <clinit>> (0x00000000e9afbd58) thrown at [D:\src\AOSP-openjdk-cygwin\jdk8u\hotspot\src\share\vm\prims\jni.cpp, line 1613]
Event: 296.853 Thread 0x00000000255fa000 Exception <a 'java/lang/NoSuchMethodError': <clinit>> (0x00000000e9b05e40) thrown at [D:\src\AOSP-openjdk-cygwin\jdk8u\hotspot\src\share\vm\prims\jni.cpp, line 1613]
Event: 296.853 Thread 0x00000000255fa000 Exception <a 'java/lang/NoSuchMethodError': <clinit>> (0x00000000e9b11e70) thrown at [D:\src\AOSP-openjdk-cygwin\jdk8u\hotspot\src\share\vm\prims\jni.cpp, line 1613]
Event: 296.854 Thread 0x00000000255fa000 Exception <a 'java/lang/NoSuchMethodError': <clinit>> (0x00000000e9b1c838) thrown at [D:\src\AOSP-openjdk-cygwin\jdk8u\hotspot\src\share\vm\prims\jni.cpp, line 1613]
Event: 296.855 Thread 0x00000000255fa000 Exception <a 'java/lang/NoSuchMethodError': <clinit>> (0x00000000e9b25ef0) thrown at [D:\src\AOSP-openjdk-cygwin\jdk8u\hotspot\src\share\vm\prims\jni.cpp, line 1613]
Event: 296.857 Thread 0x00000000255fa000 Exception <a 'java/lang/NoSuchMethodError': <clinit>> (0x00000000e9b3f9e0) thrown at [D:\src\AOSP-openjdk-cygwin\jdk8u\hotspot\src\share\vm\prims\jni.cpp, line 1613]
Event: 296.858 Thread 0x00000000255fa000 Exception <a 'java/lang/NoSuchMethodError': <clinit>> (0x00000000e9b4fda8) thrown at [D:\src\AOSP-openjdk-cygwin\jdk8u\hotspot\src\share\vm\prims\jni.cpp, line 1613]
Event: 521.165 Thread 0x00000000255f7000 Exception <a 'sun/nio/fs/WindowsException'> (0x00000000ea614540) thrown at [D:\src\AOSP-openjdk-cygwin\jdk8u\hotspot\src\share\vm\prims\jni.cpp, line 709]
Event: 521.196 Thread 0x00000000255f7000 Exception <a 'sun/nio/fs/WindowsException'> (0x00000000ea6206e8) thrown at [D:\src\AOSP-openjdk-cygwin\jdk8u\hotspot\src\share\vm\prims\jni.cpp, line 709]

Events (10 events):
Event: 522.102 Executing VM operation: RevokeBias done
Event: 522.333 Thread 0x00000000255f6000 Uncommon trap: trap_request=0xffffff65 fr.pc=0x0000000004e0ae0c
Event: 522.333 Thread 0x00000000255f6000 DEOPT PACKING pc=0x0000000004e0ae0c sp=0x000000003026e350
Event: 522.333 Thread 0x00000000255f6000 DEOPT UNPACKING pc=0x0000000002e8557b sp=0x000000003026e2f8 mode 2
Event: 522.479 Executing VM operation: RevokeBias
Event: 522.479 Executing VM operation: RevokeBias done
Event: 522.480 Executing VM operation: RevokeBias
Event: 522.480 Executing VM operation: RevokeBias done
Event: 522.483 Executing VM operation: RevokeBias
Event: 522.483 Executing VM operation: RevokeBias done


Dynamic libraries:
0x00007ff61a650000 - 0x00007ff61a681000 	C:\Program Files\Android\Android Studio\jre\bin\java.exe
0x00007ff8dc260000 - 0x00007ff8dc441000 	C:\WINDOWS\SYSTEM32\ntdll.dll
0x00007ff8da350000 - 0x00007ff8da402000 	C:\WINDOWS\System32\KERNEL32.DLL
0x00007ff8d91a0000 - 0x00007ff8d9413000 	C:\WINDOWS\System32\KERNELBASE.dll
0x00007ff8d9ac0000 - 0x00007ff8d9b61000 	C:\WINDOWS\System32\ADVAPI32.dll
0x00007ff8d96f0000 - 0x00007ff8d978e000 	C:\WINDOWS\System32\msvcrt.dll
0x00007ff8dc1d0000 - 0x00007ff8dc22b000 	C:\WINDOWS\System32\sechost.dll
0x00007ff8d9d00000 - 0x00007ff8d9e24000 	C:\WINDOWS\System32\RPCRT4.dll
0x00007ff8d9b70000 - 0x00007ff8d9d00000 	C:\WINDOWS\System32\USER32.dll
0x00007ff8d8630000 - 0x00007ff8d8650000 	C:\WINDOWS\System32\win32u.dll
0x00007ff8da280000 - 0x00007ff8da2a8000 	C:\WINDOWS\System32\GDI32.dll
0x00007ff8d9000000 - 0x00007ff8d9192000 	C:\WINDOWS\System32\gdi32full.dll
0x00007ff8d9420000 - 0x00007ff8d94bf000 	C:\WINDOWS\System32\msvcp_win.dll
0x00007ff8d9570000 - 0x00007ff8d966a000 	C:\WINDOWS\System32\ucrtbase.dll
0x00007ff8c7d10000 - 0x00007ff8c7f79000 	C:\WINDOWS\WinSxS\amd64_microsoft.windows.common-controls_6595b64144ccf1df_6.0.17134.407_none_fb449d63306391e9\COMCTL32.dll
0x00007ff8d9790000 - 0x00007ff8d9ab2000 	C:\WINDOWS\System32\combase.dll
0x00007ff8d9670000 - 0x00007ff8d96ea000 	C:\WINDOWS\System32\bcryptPrimitives.dll
0x00007ff8da430000 - 0x00007ff8da45d000 	C:\WINDOWS\System32\IMM32.DLL
0x0000000076420000 - 0x00000000764f2000 	C:\Program Files\Android\Android Studio\jre\jre\bin\msvcr100.dll
0x00000000765e0000 - 0x0000000076e21000 	C:\Program Files\Android\Android Studio\jre\jre\bin\server\jvm.dll
0x00007ff8da340000 - 0x00007ff8da348000 	C:\WINDOWS\System32\PSAPI.DLL
0x00007ff8c2e20000 - 0x00007ff8c2e29000 	C:\WINDOWS\SYSTEM32\WSOCK32.dll
0x00007ff8d66f0000 - 0x00007ff8d6713000 	C:\WINDOWS\SYSTEM32\WINMM.dll
0x00007ff8d1020000 - 0x00007ff8d102a000 	C:\WINDOWS\SYSTEM32\VERSION.dll
0x00007ff8da460000 - 0x00007ff8da4cc000 	C:\WINDOWS\System32\WS2_32.dll
0x00007ff8d66a0000 - 0x00007ff8d66ca000 	C:\WINDOWS\SYSTEM32\winmmbase.dll
0x00007ff8d8840000 - 0x00007ff8d8889000 	C:\WINDOWS\System32\cfgmgr32.dll
0x00007ff8d5220000 - 0x00007ff8d522f000 	C:\Program Files\Android\Android Studio\jre\jre\bin\verify.dll
0x00007ff8d4fb0000 - 0x00007ff8d4fd9000 	C:\Program Files\Android\Android Studio\jre\jre\bin\java.dll
0x00007ff8d4f90000 - 0x00007ff8d4fa6000 	C:\Program Files\Android\Android Studio\jre\jre\bin\zip.dll
0x00007ff8da940000 - 0x00007ff8dbd7f000 	C:\WINDOWS\System32\SHELL32.dll
0x00007ff8dbd90000 - 0x00007ff8dbe39000 	C:\WINDOWS\System32\shcore.dll
0x00007ff8d88f0000 - 0x00007ff8d8ffd000 	C:\WINDOWS\System32\windows.storage.dll
0x00007ff8dbea0000 - 0x00007ff8dbef1000 	C:\WINDOWS\System32\shlwapi.dll
0x00007ff8d8570000 - 0x00007ff8d8581000 	C:\WINDOWS\System32\kernel.appcore.dll
0x00007ff8d8590000 - 0x00007ff8d85af000 	C:\WINDOWS\System32\profapi.dll
0x00007ff8d85e0000 - 0x00007ff8d862c000 	C:\WINDOWS\System32\powrprof.dll
0x00007ff8d85b0000 - 0x00007ff8d85ba000 	C:\WINDOWS\System32\FLTLIB.DLL
0x00007ff8d4f30000 - 0x00007ff8d4f4a000 	C:\Program Files\Android\Android Studio\jre\jre\bin\net.dll
0x00007ff8d7df0000 - 0x00007ff8d7e56000 	C:\WINDOWS\system32\mswsock.dll
0x00007ff8d41c0000 - 0x00007ff8d41d1000 	C:\Program Files\Android\Android Studio\jre\jre\bin\nio.dll
0x00007ff8cacf0000 - 0x00007ff8cad0e000 	C:\Users\doome\.gradle\native\25\windows-amd64\native-platform.dll
0x00007ff8d5210000 - 0x00007ff8d521d000 	C:\Program Files\Android\Android Studio\jre\jre\bin\management.dll
0x00007ff8d7fa0000 - 0x00007ff8d7fb7000 	C:\WINDOWS\SYSTEM32\CRYPTSP.dll
0x00007ff8d79d0000 - 0x00007ff8d7a03000 	C:\WINDOWS\system32\rsaenh.dll
0x00007ff8d80d0000 - 0x00007ff8d80f5000 	C:\WINDOWS\SYSTEM32\bcrypt.dll
0x00007ff8d8470000 - 0x00007ff8d8498000 	C:\WINDOWS\SYSTEM32\USERENV.dll
0x00007ff8d7fc0000 - 0x00007ff8d7fcb000 	C:\WINDOWS\SYSTEM32\CRYPTBASE.dll
0x00007ff8d7b70000 - 0x00007ff8d7ba8000 	C:\WINDOWS\SYSTEM32\IPHLPAPI.DLL
0x00007ff8da2b0000 - 0x00007ff8da2b8000 	C:\WINDOWS\System32\NSI.dll
0x00007ff8ce360000 - 0x00007ff8ce376000 	C:\WINDOWS\SYSTEM32\dhcpcsvc6.DLL
0x00007ff8d01e0000 - 0x00007ff8d01fa000 	C:\WINDOWS\SYSTEM32\dhcpcsvc.DLL

VM Arguments:
jvm_args: -Xmx1536m -Dfile.encoding=windows-1252 -Duser.country=US -Duser.language=en -Duser.variant 
java_command: org.gradle.launcher.daemon.bootstrap.GradleDaemon 4.6
java_class_path (initial): C:\Users\doome\.gradle\wrapper\dists\gradle-4.6-all\bcst21l2brirad8k2ben1letg\gradle-4.6\lib\gradle-launcher-4.6.jar
Launcher Type: SUN_STANDARD

Environment Variables:
PATH=C:\Program Files (x86)\Common Files\Oracle\Java\javapath;C:\Program Files\Oculus\Support\oculus-runtime;C:\Program Files (x86)\Intel\Intel(R) Management Engine Components\iCLS\;C:\Program Files\Intel\Intel(R) Management Engine Components\iCLS\;C:\Windows\system32;C:\Windows;C:\Windows\System32\Wbem;C:\Windows\System32\WindowsPowerShell\v1.0\;C:\Program Files (x86)\Intel\Intel(R) Management Engine Components\DAL;C:\Program Files\Intel\Intel(R) Management Engine Components\DAL;C:\Program Files (x86)\Intel\Intel(R) Management Engine Components\IPT;C:\Program Files\Intel\Intel(R) Management Engine Components\IPT;C:\Program Files (x86)\NVIDIA Corporation\PhysX\Common;C:\WINDOWS\system32;C:\WINDOWS;C:\WINDOWS\System32\Wbem;C:\WINDOWS\System32\WindowsPowerShell\v1.0\;C:\WINDOWS\System32\OpenSSH\;C:\Program Files\Intel\WiFi\bin\;C:\Program Files\Common Files\Intel\WirelessCommon\;C:\Program Files\Git\cmd;C:\Users\doome\AppData\Local\Microsoft\WindowsApps;
USERNAME=doome
OS=Windows_NT
PROCESSOR_IDENTIFIER=Intel64 Family 6 Model 158 Stepping 10, GenuineIntel



---------------  S Y S T E M  ---------------

OS: Windows 10.0 , 64 bit Build 17134 (10.0.17134.1)

CPU:total 8 (initial active 8) (4 cores per cpu, 2 threads per core) family 6 model 158 stepping 10, cmov, cx8, fxsr, mmx, sse, sse2, sse3, ssse3, sse4.1, sse4.2, popcnt, avx, avx2, aes, clmul, erms, 3dnowpref, lzcnt, ht, tsc, tscinvbit, bmi1, bmi2, adx

Memory: 4k page, physical 8227124k(1207072k free), swap 14371124k(600k free)

vm_info: OpenJDK 64-Bit Server VM (25.152-b06) for windows-amd64 JRE (1.8.0_152-release-1136-b06), built by "builder" with MS VC++ 10.0 (VS2010)

time: Sat Dec 08 19:50:11 2018
elapsed time: 523 seconds (0d 0h 8m 43s)

