#
# There is insufficient memory for the Java Runtime Environment to continue.
# Native memory allocation (malloc) failed to allocate 1089776 bytes for Chunk::new
# Possible reasons:
#   The system is out of physical RAM or swap space
#   In 32 bit mode, the process size limit was hit
# Possible solutions:
#   Reduce memory load on the system
#   Increase physical memory or swap space
#   Check if swap backing store is full
#   Use 64 bit Java on a 64 bit OS
#   Decrease Java heap size (-Xmx/-Xms)
#   Decrease number of Java threads
#   Decrease Java thread stack sizes (-Xss)
#   Set larger code cache with -XX:ReservedCodeCacheSize=
# This output file may be truncated or incomplete.
#
#  Out of Memory Error (allocation.cpp:390), pid=11448, tid=0x00000000000031fc
#
# JRE version: OpenJDK Runtime Environment (8.0_152-b06) (build 1.8.0_152-release-1136-b06)
# Java VM: OpenJDK 64-Bit Server VM (25.152-b06 mixed mode windows-amd64 compressed oops)
# Failed to write core dump. Minidumps are not enabled by default on client versions of Windows
#

---------------  T H R E A D  ---------------

Current thread (0x000000001898e000):  JavaThread "C2 CompilerThread1" daemon [_thread_in_native, id=12796, stack(0x0000000019250000,0x0000000019350000)]

Stack: [0x0000000019250000,0x0000000019350000]
[error occurred during error reporting (printing stack bounds), id 0xc0000005]

Native frames: (J=compiled Java code, j=interpreted, Vv=VM code, C=native code)


Current CompileTask:
C2:   9754 6164       4       java.io.ObjectOutputStream::writeClassDesc (60 bytes)


---------------  P R O C E S S  ---------------

Java Threads: ( => current thread )
  0x000000001dbb7800 JavaThread "Task worker for ':' Thread 7" [_thread_blocked, id=15196, stack(0x0000000024db0000,0x0000000024eb0000)]
  0x000000001dbb5000 JavaThread "Task worker for ':' Thread 6" [_thread_blocked, id=11388, stack(0x0000000024cb0000,0x0000000024db0000)]
  0x000000001dbb4800 JavaThread "Task worker for ':' Thread 5" [_thread_blocked, id=6516, stack(0x0000000024bb0000,0x0000000024cb0000)]
  0x000000001dbb3800 JavaThread "Task worker for ':' Thread 4" [_thread_blocked, id=6492, stack(0x0000000024850000,0x0000000024950000)]
  0x000000001dba9000 JavaThread "Task worker for ':' Thread 3" [_thread_blocked, id=8116, stack(0x0000000024750000,0x0000000024850000)]
  0x000000001dbad800 JavaThread "Task worker for ':' Thread 2" [_thread_blocked, id=4760, stack(0x0000000024650000,0x0000000024750000)]
  0x000000001dbaa000 JavaThread "Task worker for ':'" [_thread_blocked, id=15152, stack(0x0000000024550000,0x0000000024650000)]
  0x000000001dbae800 JavaThread "Cache worker for Build Output Cleanup Cache (C:\Users\doome\AndroidStudioProjects\Textbaseddungeoncrawler\.gradle\buildOutputCleanup)" [_thread_blocked, id=11680, stack(0x0000000024450000,0x0000000024550000)]
  0x000000001dbaf000 JavaThread "Cache worker for task history cache (C:\Users\doome\AndroidStudioProjects\Textbaseddungeoncrawler\.gradle\4.6\taskHistory)" [_thread_blocked, id=12840, stack(0x0000000024150000,0x0000000024250000)]
  0x000000001dbad000 JavaThread "Cache worker for file content cache (C:\Users\doome\AndroidStudioProjects\Textbaseddungeoncrawler\.gradle\4.6\fileContent)" [_thread_blocked, id=5240, stack(0x0000000022fd0000,0x00000000230d0000)]
  0x000000001dbaa800 JavaThread "Memory manager" [_thread_blocked, id=2220, stack(0x0000000022c20000,0x0000000022d20000)]
  0x000000001dbb0000 JavaThread "pool-1-thread-1" [_thread_blocked, id=9692, stack(0x0000000022b20000,0x0000000022c20000)]
  0x000000001ee85000 JavaThread "Build operations Thread 8" [_thread_blocked, id=10540, stack(0x0000000022a20000,0x0000000022b20000)]
  0x000000001ee83000 JavaThread "Build operations Thread 7" [_thread_blocked, id=8536, stack(0x0000000022920000,0x0000000022a20000)]
  0x000000001ee84800 JavaThread "Build operations Thread 6" [_thread_blocked, id=6624, stack(0x0000000022820000,0x0000000022920000)]
  0x000000001ee88000 JavaThread "Build operations Thread 5" [_thread_blocked, id=11376, stack(0x00000000224b0000,0x00000000225b0000)]
  0x000000001ee83800 JavaThread "Build operations Thread 4" [_thread_blocked, id=15728, stack(0x00000000223b0000,0x00000000224b0000)]
  0x000000001ee87800 JavaThread "Build operations Thread 3" [_thread_blocked, id=12680, stack(0x0000000022060000,0x0000000022160000)]
  0x000000001ee89000 JavaThread "Build operations Thread 2" [_thread_blocked, id=13256, stack(0x0000000021f60000,0x0000000022060000)]
  0x000000001ee86000 JavaThread "Build operations" [_thread_blocked, id=5436, stack(0x0000000021e60000,0x0000000021f60000)]
  0x000000001ee82000 JavaThread "Cache worker for Artifact transforms cache (C:\Users\doome\.gradle\caches\transforms-1)" [_thread_blocked, id=9908, stack(0x000000001fd10000,0x000000001fe10000)]
  0x000000001c720800 JavaThread "Cache worker for file hash cache (C:\Users\doome\AndroidStudioProjects\Textbaseddungeoncrawler\.gradle\4.6\fileHashes)" [_thread_blocked, id=11428, stack(0x000000001e440000,0x000000001e540000)]
  0x000000001aaad800 JavaThread "File lock request listener" [_thread_in_native, id=12856, stack(0x000000001d370000,0x000000001d470000)]
  0x000000001c664000 JavaThread "Cache worker for file hash cache (C:\Users\doome\.gradle\caches\4.6\fileHashes)" [_thread_blocked, id=8952, stack(0x000000001d270000,0x000000001d370000)]
  0x000000001aabe000 JavaThread "Stdin handler" [_thread_blocked, id=8732, stack(0x000000001bfa0000,0x000000001c0a0000)]
  0x000000001aaf5800 JavaThread "Asynchronous log dispatcher for DefaultDaemonConnection: socket connection from /127.0.0.1:50635 to /127.0.0.1:50637" [_thread_blocked, id=6132, stack(0x000000001bda0000,0x000000001bea0000)]
  0x000000001aaf4000 JavaThread "Daemon worker" [_thread_in_native, id=10928, stack(0x000000001bca0000,0x000000001bda0000)]
  0x000000001aaf3000 JavaThread "Cancel handler" [_thread_blocked, id=6708, stack(0x000000001bba0000,0x000000001bca0000)]
  0x000000001aa1c800 JavaThread "Handler for socket connection from /127.0.0.1:50635 to /127.0.0.1:50637" [_thread_in_native, id=7536, stack(0x000000001b8a0000,0x000000001b9a0000)]
  0x000000001aa19000 JavaThread "Daemon" [_thread_blocked, id=15712, stack(0x000000001b7a0000,0x000000001b8a0000)]
  0x000000001a949000 JavaThread "Daemon periodic checks" [_thread_blocked, id=5036, stack(0x000000001b6a0000,0x000000001b7a0000)]
  0x000000001a947800 JavaThread "Incoming local TCP Connector on port 50635" [_thread_in_native, id=9516, stack(0x000000001b460000,0x000000001b560000)]
  0x0000000016a9e000 JavaThread "Service Thread" daemon [_thread_blocked, id=3460, stack(0x0000000019550000,0x0000000019650000)]
  0x000000001899c000 JavaThread "C1 CompilerThread3" daemon [_thread_blocked, id=15724, stack(0x0000000019450000,0x0000000019550000)]
  0x0000000016a9a000 JavaThread "C2 CompilerThread2" daemon [_thread_blocked, id=12336, stack(0x0000000019350000,0x0000000019450000)]
=>0x000000001898e000 JavaThread "C2 CompilerThread1" daemon [_thread_in_native, id=12796, stack(0x0000000019250000,0x0000000019350000)]
  0x0000000018989000 JavaThread "C2 CompilerThread0" daemon [_thread_blocked, id=14040, stack(0x0000000019150000,0x0000000019250000)]
  0x0000000018988000 JavaThread "Attach Listener" daemon [_thread_blocked, id=13800, stack(0x0000000019050000,0x0000000019150000)]
  0x0000000018987000 JavaThread "Signal Dispatcher" daemon [_thread_blocked, id=11788, stack(0x0000000018f50000,0x0000000019050000)]
  0x0000000002cc9000 JavaThread "Finalizer" daemon [_thread_blocked, id=13388, stack(0x0000000018d60000,0x0000000018e60000)]
  0x0000000016a8b800 JavaThread "Reference Handler" daemon [_thread_blocked, id=3340, stack(0x0000000018860000,0x0000000018960000)]
  0x0000000002acd800 JavaThread "main" [_thread_blocked, id=9300, stack(0x0000000002ad0000,0x0000000002bd0000)]

Other Threads:
  0x0000000016a86800 VMThread [stack: 0x0000000018760000,0x0000000018860000] [id=8816]
  0x00000000189b2000 WatcherThread [stack: 0x0000000019650000,0x0000000019750000] [id=10560]

VM state:not at safepoint (normal execution)

VM Mutex/Monitor currently owned by a thread: None

Heap:
 PSYoungGen      total 171520K, used 166088K [0x00000000e0000000, 0x00000000eca80000, 0x0000000100000000)
  eden space 158720K, 96% used [0x00000000e0000000,0x00000000e95b3210,0x00000000e9b00000)
  from space 12800K, 99% used [0x00000000eaa00000,0x00000000eb67ef70,0x00000000eb680000)
  to   space 15360K, 0% used [0x00000000e9b00000,0x00000000e9b00000,0x00000000eaa00000)
 ParOldGen       total 98304K, used 21650K [0x00000000a0000000, 0x00000000a6000000, 0x00000000e0000000)
  object space 98304K, 22% used [0x00000000a0000000,0x00000000a1524b48,0x00000000a6000000)
 Metaspace       used 55561K, capacity 57148K, committed 57472K, reserved 1099776K
  class space    used 7593K, capacity 7993K, committed 8064K, reserved 1048576K

Card table byte_map: [0x0000000012090000,0x00000000123a0000] byte_map_base: 0x0000000011b90000

Marking Bits: (ParMarkBitMap*) 0x0000000076da5aa0
 Begin Bits: [0x0000000012da0000, 0x00000000145a0000)
 End Bits:   [0x00000000145a0000, 0x0000000015da0000)

Polling page: 0x0000000000bf0000

CodeCache: size=245760Kb used=19054Kb max_used=19221Kb free=226705Kb
 bounds [0x0000000002cd0000, 0x0000000003fb0000, 0x0000000011cd0000]
 total_blobs=6538 nmethods=5760 adapters=690
 compilation: enabled

Compilation events (10 events):
Event: 9.743 Thread 0x000000001899c000 6296       3       java.io.ObjectStreamClass$MemberSignature::<init> (33 bytes)
Event: 9.744 Thread 0x000000001899c000 nmethod 6296 0x00000000032bc3d0 code [0x00000000032bc560, 0x00000000032bcbb8]
Event: 9.744 Thread 0x000000001899c000 6297       3       java.io.ObjectStreamField::<init> (69 bytes)
Event: 9.745 Thread 0x000000001899c000 nmethod 6297 0x00000000032bbad0 code [0x00000000032bbc60, 0x00000000032bc208]
Event: 9.745 Thread 0x000000001899c000 6298       3       sun.reflect.ClassFileAssembler::opc_dup (11 bytes)
Event: 9.745 Thread 0x000000001899c000 nmethod 6298 0x00000000032bb450 code [0x00000000032bb5e0, 0x00000000032bb948]
Event: 9.746 Thread 0x000000001899c000 6299       3       sun.reflect.Label::add (23 bytes)
Event: 9.746 Thread 0x000000001899c000 nmethod 6299 0x00000000032badd0 code [0x00000000032baf40, 0x00000000032bb2a8]
Event: 9.746 Thread 0x000000001899c000 6300       3       sun.reflect.Label$PatchInfo::<init> (26 bytes)
Event: 9.746 Thread 0x000000001899c000 nmethod 6300 0x00000000032ba9d0 code [0x00000000032bab20, 0x00000000032bacf0]

GC Heap History (10 events):
Event: 3.338 GC heap before
{Heap before GC invocations=6 (full 1):
 PSYoungGen      total 70656K, used 5094K [0x00000000e0000000, 0x00000000e9400000, 0x0000000100000000)
  eden space 65536K, 0% used [0x00000000e0000000,0x00000000e0000000,0x00000000e4000000)
  from space 5120K, 99% used [0x00000000e4000000,0x00000000e44f9a38,0x00000000e4500000)
  to   space 10240K, 0% used [0x00000000e8a00000,0x00000000e8a00000,0x00000000e9400000)
 ParOldGen       total 86016K, used 8194K [0x00000000a0000000, 0x00000000a5400000, 0x00000000e0000000)
  object space 86016K, 9% used [0x00000000a0000000,0x00000000a0800a18,0x00000000a5400000)
 Metaspace       used 20851K, capacity 21244K, committed 21248K, reserved 1067008K
  class space    used 2927K, capacity 3072K, committed 3072K, reserved 1048576K
Event: 3.370 GC heap after
Heap after GC invocations=6 (full 1):
 PSYoungGen      total 70656K, used 0K [0x00000000e0000000, 0x00000000e9400000, 0x0000000100000000)
  eden space 65536K, 0% used [0x00000000e0000000,0x00000000e0000000,0x00000000e4000000)
  from space 5120K, 0% used [0x00000000e4000000,0x00000000e4000000,0x00000000e4500000)
  to   space 10240K, 0% used [0x00000000e8a00000,0x00000000e8a00000,0x00000000e9400000)
 ParOldGen       total 58880K, used 8376K [0x00000000a0000000, 0x00000000a3980000, 0x00000000e0000000)
  object space 58880K, 14% used [0x00000000a0000000,0x00000000a082e230,0x00000000a3980000)
 Metaspace       used 20851K, capacity 21244K, committed 21248K, reserved 1067008K
  class space    used 2927K, capacity 3072K, committed 3072K, reserved 1048576K
}
Event: 4.077 GC heap before
{Heap before GC invocations=7 (full 1):
 PSYoungGen      total 70656K, used 65536K [0x00000000e0000000, 0x00000000e9400000, 0x0000000100000000)
  eden space 65536K, 100% used [0x00000000e0000000,0x00000000e4000000,0x00000000e4000000)
  from space 5120K, 0% used [0x00000000e4000000,0x00000000e4000000,0x00000000e4500000)
  to   space 10240K, 0% used [0x00000000e8a00000,0x00000000e8a00000,0x00000000e9400000)
 ParOldGen       total 58880K, used 8376K [0x00000000a0000000, 0x00000000a3980000, 0x00000000e0000000)
  object space 58880K, 14% used [0x00000000a0000000,0x00000000a082e230,0x00000000a3980000)
 Metaspace       used 26526K, capacity 26966K, committed 27136K, reserved 1073152K
  class space    used 3637K, capacity 3797K, committed 3840K, reserved 1048576K
Event: 4.084 GC heap after
Heap after GC invocations=7 (full 1):
 PSYoungGen      total 111104K, used 7001K [0x00000000e0000000, 0x00000000e9100000, 0x0000000100000000)
  eden space 103936K, 0% used [0x00000000e0000000,0x00000000e0000000,0x00000000e6580000)
  from space 7168K, 97% used [0x00000000e8a00000,0x00000000e90d65b0,0x00000000e9100000)
  to   space 9728K, 0% used [0x00000000e7e00000,0x00000000e7e00000,0x00000000e8780000)
 ParOldGen       total 58880K, used 8384K [0x00000000a0000000, 0x00000000a3980000, 0x00000000e0000000)
  object space 58880K, 14% used [0x00000000a0000000,0x00000000a0830230,0x00000000a3980000)
 Metaspace       used 26526K, capacity 26966K, committed 27136K, reserved 1073152K
  class space    used 3637K, capacity 3797K, committed 3840K, reserved 1048576K
}
Event: 5.176 GC heap before
{Heap before GC invocations=8 (full 1):
 PSYoungGen      total 111104K, used 102237K [0x00000000e0000000, 0x00000000e9100000, 0x0000000100000000)
  eden space 103936K, 91% used [0x00000000e0000000,0x00000000e5d010b0,0x00000000e6580000)
  from space 7168K, 97% used [0x00000000e8a00000,0x00000000e90d65b0,0x00000000e9100000)
  to   space 9728K, 0% used [0x00000000e7e00000,0x00000000e7e00000,0x00000000e8780000)
 ParOldGen       total 58880K, used 8384K [0x00000000a0000000, 0x00000000a3980000, 0x00000000e0000000)
  object space 58880K, 14% used [0x00000000a0000000,0x00000000a0830230,0x00000000a3980000)
 Metaspace       used 34695K, capacity 35312K, committed 35416K, reserved 1079296K
  class space    used 4811K, capacity 5028K, committed 5120K, reserved 1048576K
Event: 5.184 GC heap after
Heap after GC invocations=8 (full 1):
 PSYoungGen      total 138752K, used 9700K [0x00000000e0000000, 0x00000000eb680000, 0x0000000100000000)
  eden space 129024K, 0% used [0x00000000e0000000,0x00000000e0000000,0x00000000e7e00000)
  from space 9728K, 99% used [0x00000000e7e00000,0x00000000e8779020,0x00000000e8780000)
  to   space 12800K, 0% used [0x00000000eaa00000,0x00000000eaa00000,0x00000000eb680000)
 ParOldGen       total 58880K, used 11542K [0x00000000a0000000, 0x00000000a3980000, 0x00000000e0000000)
  object space 58880K, 19% used [0x00000000a0000000,0x00000000a0b45b48,0x00000000a3980000)
 Metaspace       used 34695K, capacity 35312K, committed 35416K, reserved 1079296K
  class space    used 4811K, capacity 5028K, committed 5120K, reserved 1048576K
}
Event: 5.184 GC heap before
{Heap before GC invocations=9 (full 2):
 PSYoungGen      total 138752K, used 9700K [0x00000000e0000000, 0x00000000eb680000, 0x0000000100000000)
  eden space 129024K, 0% used [0x00000000e0000000,0x00000000e0000000,0x00000000e7e00000)
  from space 9728K, 99% used [0x00000000e7e00000,0x00000000e8779020,0x00000000e8780000)
  to   space 12800K, 0% used [0x00000000eaa00000,0x00000000eaa00000,0x00000000eb680000)
 ParOldGen       total 58880K, used 11542K [0x00000000a0000000, 0x00000000a3980000, 0x00000000e0000000)
  object space 58880K, 19% used [0x00000000a0000000,0x00000000a0b45b48,0x00000000a3980000)
 Metaspace       used 34695K, capacity 35312K, committed 35416K, reserved 1079296K
  class space    used 4811K, capacity 5028K, committed 5120K, reserved 1048576K
Event: 5.233 GC heap after
Heap after GC invocations=9 (full 2):
 PSYoungGen      total 138752K, used 0K [0x00000000e0000000, 0x00000000eb680000, 0x0000000100000000)
  eden space 129024K, 0% used [0x00000000e0000000,0x00000000e0000000,0x00000000e7e00000)
  from space 9728K, 0% used [0x00000000e7e00000,0x00000000e7e00000,0x00000000e8780000)
  to   space 12800K, 0% used [0x00000000eaa00000,0x00000000eaa00000,0x00000000eb680000)
 ParOldGen       total 98304K, used 19016K [0x00000000a0000000, 0x00000000a6000000, 0x00000000e0000000)
  object space 98304K, 19% used [0x00000000a0000000,0x00000000a1292170,0x00000000a6000000)
 Metaspace       used 34695K, capacity 35312K, committed 35416K, reserved 1079296K
  class space    used 4811K, capacity 5028K, committed 5120K, reserved 1048576K
}
Event: 6.808 GC heap before
{Heap before GC invocations=10 (full 2):
 PSYoungGen      total 138752K, used 129024K [0x00000000e0000000, 0x00000000eb680000, 0x0000000100000000)
  eden space 129024K, 100% used [0x00000000e0000000,0x00000000e7e00000,0x00000000e7e00000)
  from space 9728K, 0% used [0x00000000e7e00000,0x00000000e7e00000,0x00000000e8780000)
  to   space 12800K, 0% used [0x00000000eaa00000,0x00000000eaa00000,0x00000000eb680000)
 ParOldGen       total 98304K, used 19016K [0x00000000a0000000, 0x00000000a6000000, 0x00000000e0000000)
  object space 98304K, 19% used [0x00000000a0000000,0x00000000a1292170,0x00000000a6000000)
 Metaspace       used 42928K, capacity 43756K, committed 44032K, reserved 1087488K
  class space    used 5820K, capacity 6099K, committed 6144K, reserved 1048576K
Event: 6.820 GC heap after
Heap after GC invocations=10 (full 2):
 PSYoungGen      total 171520K, used 12795K [0x00000000e0000000, 0x00000000eca80000, 0x0000000100000000)
  eden space 158720K, 0% used [0x00000000e0000000,0x00000000e0000000,0x00000000e9b00000)
  from space 12800K, 99% used [0x00000000eaa00000,0x00000000eb67ef70,0x00000000eb680000)
  to   space 15360K, 0% used [0x00000000e9b00000,0x00000000e9b00000,0x00000000eaa00000)
 ParOldGen       total 98304K, used 21650K [0x00000000a0000000, 0x00000000a6000000, 0x00000000e0000000)
  object space 98304K, 22% used [0x00000000a0000000,0x00000000a1524b48,0x00000000a6000000)
 Metaspace       used 42928K, capacity 43756K, committed 44032K, reserved 1087488K
  class space    used 5820K, capacity 6099K, committed 6144K, reserved 1048576K
}

Deoptimization events (10 events):
Event: 9.578 Thread 0x000000001aaf4000 Uncommon trap: reason=class_check action=maybe_recompile pc=0x00000000037f2f6c method=com.google.common.collect.ImmutableList$1.get(I)Ljava/lang/Object; @ 5
Event: 9.578 Thread 0x000000001aaf4000 Uncommon trap: reason=class_check action=maybe_recompile pc=0x00000000037f2f6c method=com.google.common.collect.ImmutableList$1.get(I)Ljava/lang/Object; @ 5
Event: 9.721 Thread 0x000000001aaf4000 Uncommon trap: reason=unstable_if action=reinterpret pc=0x0000000003f2402c method=java.lang.String.regionMatches(ZILjava/lang/String;II)Z @ 123
Event: 9.722 Thread 0x000000001aaf4000 Uncommon trap: reason=unstable_if action=reinterpret pc=0x00000000030baf30 method=java.lang.String.regionMatches(ZILjava/lang/String;II)Z @ 123
Event: 9.722 Thread 0x000000001aaf4000 Uncommon trap: reason=unstable_if action=reinterpret pc=0x000000000344c350 method=java.lang.String.regionMatches(ZILjava/lang/String;II)Z @ 123
Event: 9.740 Thread 0x000000001aaf4000 Uncommon trap: reason=class_check action=maybe_recompile pc=0x0000000003e7c584 method=java.io.ObjectOutputStream$BlockDataOutputStream.drain()V @ 36
Event: 9.743 Thread 0x000000001aaf4000 Uncommon trap: reason=class_check action=maybe_recompile pc=0x0000000003e7c584 method=java.io.ObjectOutputStream$BlockDataOutputStream.drain()V @ 36
Event: 9.743 Thread 0x000000001aaf4000 Uncommon trap: reason=class_check action=maybe_recompile pc=0x0000000003e7c584 method=java.io.ObjectOutputStream$BlockDataOutputStream.drain()V @ 36
Event: 9.743 Thread 0x000000001aaf4000 Uncommon trap: reason=class_check action=maybe_recompile pc=0x0000000003e7c584 method=java.io.ObjectOutputStream$BlockDataOutputStream.drain()V @ 36
Event: 9.745 Thread 0x000000001aaf4000 Uncommon trap: reason=class_check action=maybe_recompile pc=0x0000000003edf964 method=java.io.ObjectOutputStream$BlockDataOutputStream.drain()V @ 36

Classes redefined (0 events):
No events

Internal exceptions (10 events):
Event: 9.115 Thread 0x000000001aaf4000 Exception <a 'java/lang/NoSuchMethodError': <clinit>> (0x00000000e7362670) thrown at [D:\src\AOSP-openjdk-cygwin\jdk8u\hotspot\src\share\vm\prims\jni.cpp, line 1613]
Event: 9.148 Thread 0x000000001aaf4000 Exception <a 'java/lang/NoSuchMethodError': <clinit>> (0x00000000e78be8f8) thrown at [D:\src\AOSP-openjdk-cygwin\jdk8u\hotspot\src\share\vm\prims\jni.cpp, line 1613]
Event: 9.149 Thread 0x000000001aaf4000 Exception <a 'java/lang/NoSuchMethodError': <clinit>> (0x00000000e78da5f8) thrown at [D:\src\AOSP-openjdk-cygwin\jdk8u\hotspot\src\share\vm\prims\jni.cpp, line 1613]
Event: 9.149 Thread 0x000000001aaf4000 Exception <a 'java/lang/NoSuchMethodError': <clinit>> (0x00000000e78dc460) thrown at [D:\src\AOSP-openjdk-cygwin\jdk8u\hotspot\src\share\vm\prims\jni.cpp, line 1613]
Event: 9.211 Thread 0x000000001aaf4000 Implicit null exception at 0x000000000329dee2 to 0x000000000329e421
Event: 9.652 Thread 0x000000001aaf4000 Exception <a 'java/lang/NoSuchMethodError': <clinit>> (0x00000000e93246a0) thrown at [D:\src\AOSP-openjdk-cygwin\jdk8u\hotspot\src\share\vm\prims\jni.cpp, line 1613]
Event: 9.743 Thread 0x000000001aaf4000 Exception <a 'java/lang/NoSuchMethodError': <clinit>> (0x00000000e93e4848) thrown at [D:\src\AOSP-openjdk-cygwin\jdk8u\hotspot\src\share\vm\prims\jni.cpp, line 1613]
Event: 9.743 Thread 0x000000001aaf4000 Exception <a 'java/lang/NoSuchMethodError': <clinit>> (0x00000000e93ef4c8) thrown at [D:\src\AOSP-openjdk-cygwin\jdk8u\hotspot\src\share\vm\prims\jni.cpp, line 1613]
Event: 9.745 Thread 0x000000001aaf4000 Exception <a 'java/lang/NoSuchMethodError': <clinit>> (0x00000000e940be60) thrown at [D:\src\AOSP-openjdk-cygwin\jdk8u\hotspot\src\share\vm\prims\jni.cpp, line 1613]
Event: 9.747 Thread 0x000000001aaf4000 Exception <a 'java/lang/NoSuchMethodError': <clinit>> (0x00000000e941ac88) thrown at [D:\src\AOSP-openjdk-cygwin\jdk8u\hotspot\src\share\vm\prims\jni.cpp, line 1613]

Events (10 events):
Event: 9.743 Thread 0x000000001aaf4000 DEOPT PACKING pc=0x0000000003e7c584 sp=0x000000001bd9bb60
Event: 9.743 Thread 0x000000001aaf4000 DEOPT UNPACKING pc=0x0000000002d1557b sp=0x000000001bd9bb18 mode 2
Event: 9.743 Thread 0x000000001aaf4000 Uncommon trap: trap_request=0xffffffde fr.pc=0x0000000003e7c584
Event: 9.743 Thread 0x000000001aaf4000 DEOPT PACKING pc=0x0000000003e7c584 sp=0x000000001bd9bc00
Event: 9.743 Thread 0x000000001aaf4000 DEOPT UNPACKING pc=0x0000000002d1557b sp=0x000000001bd9bbb8 mode 2
Event: 9.745 Thread 0x000000001aaf4000 Uncommon trap: trap_request=0xffffffde fr.pc=0x0000000003edf964
Event: 9.745 Thread 0x000000001aaf4000 DEOPT PACKING pc=0x0000000003edf964 sp=0x000000001bd9ac00
Event: 9.745 Thread 0x000000001aaf4000 DEOPT UNPACKING pc=0x0000000002d1557b sp=0x000000001bd9ab78 mode 2
Event: 9.746 Executing VM operation: BulkRevokeBias
Event: 9.747 Executing VM operation: BulkRevokeBias done


Dynamic libraries:
0x00007ff61a650000 - 0x00007ff61a681000 	C:\Program Files\Android\Android Studio\jre\bin\java.exe
0x00007ff8dc260000 - 0x00007ff8dc441000 	C:\WINDOWS\SYSTEM32\ntdll.dll
0x00007ff8da350000 - 0x00007ff8da402000 	C:\WINDOWS\System32\KERNEL32.DLL
0x00007ff8d91a0000 - 0x00007ff8d9413000 	C:\WINDOWS\System32\KERNELBASE.dll
0x00007ff8d9ac0000 - 0x00007ff8d9b61000 	C:\WINDOWS\System32\ADVAPI32.dll
0x00007ff8d96f0000 - 0x00007ff8d978e000 	C:\WINDOWS\System32\msvcrt.dll
0x00007ff8dc1d0000 - 0x00007ff8dc22b000 	C:\WINDOWS\System32\sechost.dll
0x00007ff8d9d00000 - 0x00007ff8d9e24000 	C:\WINDOWS\System32\RPCRT4.dll
0x00007ff8d9b70000 - 0x00007ff8d9d00000 	C:\WINDOWS\System32\USER32.dll
0x00007ff8d8630000 - 0x00007ff8d8650000 	C:\WINDOWS\System32\win32u.dll
0x00007ff8da280000 - 0x00007ff8da2a8000 	C:\WINDOWS\System32\GDI32.dll
0x00007ff8d9000000 - 0x00007ff8d9192000 	C:\WINDOWS\System32\gdi32full.dll
0x00007ff8d9420000 - 0x00007ff8d94bf000 	C:\WINDOWS\System32\msvcp_win.dll
0x00007ff8d9570000 - 0x00007ff8d966a000 	C:\WINDOWS\System32\ucrtbase.dll
0x00007ff8c7d10000 - 0x00007ff8c7f79000 	C:\WINDOWS\WinSxS\amd64_microsoft.windows.common-controls_6595b64144ccf1df_6.0.17134.407_none_fb449d63306391e9\COMCTL32.dll
0x00007ff8d9790000 - 0x00007ff8d9ab2000 	C:\WINDOWS\System32\combase.dll
0x00007ff8d9670000 - 0x00007ff8d96ea000 	C:\WINDOWS\System32\bcryptPrimitives.dll
0x00007ff8da430000 - 0x00007ff8da45d000 	C:\WINDOWS\System32\IMM32.DLL
0x0000000076420000 - 0x00000000764f2000 	C:\Program Files\Android\Android Studio\jre\jre\bin\msvcr100.dll
0x00000000765e0000 - 0x0000000076e21000 	C:\Program Files\Android\Android Studio\jre\jre\bin\server\jvm.dll
0x00007ff8da340000 - 0x00007ff8da348000 	C:\WINDOWS\System32\PSAPI.DLL
0x00007ff8d66f0000 - 0x00007ff8d6713000 	C:\WINDOWS\SYSTEM32\WINMM.dll
0x00007ff8c2e20000 - 0x00007ff8c2e29000 	C:\WINDOWS\SYSTEM32\WSOCK32.dll
0x00007ff8da460000 - 0x00007ff8da4cc000 	C:\WINDOWS\System32\WS2_32.dll
0x00007ff8d1020000 - 0x00007ff8d102a000 	C:\WINDOWS\SYSTEM32\VERSION.dll
0x00007ff8d66a0000 - 0x00007ff8d66ca000 	C:\WINDOWS\SYSTEM32\winmmbase.dll
0x00007ff8d8840000 - 0x00007ff8d8889000 	C:\WINDOWS\System32\cfgmgr32.dll
0x00007ff8d4fd0000 - 0x00007ff8d4fdf000 	C:\Program Files\Android\Android Studio\jre\jre\bin\verify.dll
0x00007ff8d4fa0000 - 0x00007ff8d4fc9000 	C:\Program Files\Android\Android Studio\jre\jre\bin\java.dll
0x00007ff8d4f30000 - 0x00007ff8d4f46000 	C:\Program Files\Android\Android Studio\jre\jre\bin\zip.dll
0x00007ff8da940000 - 0x00007ff8dbd7f000 	C:\WINDOWS\System32\SHELL32.dll
0x00007ff8dbd90000 - 0x00007ff8dbe39000 	C:\WINDOWS\System32\shcore.dll
0x00007ff8d88f0000 - 0x00007ff8d8ffd000 	C:\WINDOWS\System32\windows.storage.dll
0x00007ff8dbea0000 - 0x00007ff8dbef1000 	C:\WINDOWS\System32\shlwapi.dll
0x00007ff8d8570000 - 0x00007ff8d8581000 	C:\WINDOWS\System32\kernel.appcore.dll
0x00007ff8d8590000 - 0x00007ff8d85af000 	C:\WINDOWS\System32\profapi.dll
0x00007ff8d85e0000 - 0x00007ff8d862c000 	C:\WINDOWS\System32\powrprof.dll
0x00007ff8d85b0000 - 0x00007ff8d85ba000 	C:\WINDOWS\System32\FLTLIB.DLL
0x00007ff8d41c0000 - 0x00007ff8d41da000 	C:\Program Files\Android\Android Studio\jre\jre\bin\net.dll
0x00007ff8d7df0000 - 0x00007ff8d7e56000 	C:\WINDOWS\system32\mswsock.dll
0x00007ff8d31c0000 - 0x00007ff8d31d1000 	C:\Program Files\Android\Android Studio\jre\jre\bin\nio.dll
0x00007ff8d5220000 - 0x00007ff8d523e000 	C:\Users\doome\.gradle\native\25\windows-amd64\native-platform.dll
0x00007ff8d4f90000 - 0x00007ff8d4f9d000 	C:\Program Files\Android\Android Studio\jre\jre\bin\management.dll
0x00007ff8d7fa0000 - 0x00007ff8d7fb7000 	C:\WINDOWS\SYSTEM32\CRYPTSP.dll
0x00007ff8d79d0000 - 0x00007ff8d7a03000 	C:\WINDOWS\system32\rsaenh.dll
0x00007ff8d80d0000 - 0x00007ff8d80f5000 	C:\WINDOWS\SYSTEM32\bcrypt.dll
0x00007ff8d8470000 - 0x00007ff8d8498000 	C:\WINDOWS\SYSTEM32\USERENV.dll
0x00007ff8d7fc0000 - 0x00007ff8d7fcb000 	C:\WINDOWS\SYSTEM32\CRYPTBASE.dll
0x00007ff8d7b70000 - 0x00007ff8d7ba8000 	C:\WINDOWS\SYSTEM32\IPHLPAPI.DLL
0x00007ff8da2b0000 - 0x00007ff8da2b8000 	C:\WINDOWS\System32\NSI.dll
0x00007ff8ce360000 - 0x00007ff8ce376000 	C:\WINDOWS\SYSTEM32\dhcpcsvc6.DLL
0x00007ff8d01e0000 - 0x00007ff8d01fa000 	C:\WINDOWS\SYSTEM32\dhcpcsvc.DLL

VM Arguments:
jvm_args: -Xmx1536m -Dfile.encoding=windows-1252 -Duser.country=US -Duser.language=en -Duser.variant 
java_command: org.gradle.launcher.daemon.bootstrap.GradleDaemon 4.6
java_class_path (initial): C:\Users\doome\.gradle\wrapper\dists\gradle-4.6-all\bcst21l2brirad8k2ben1letg\gradle-4.6\lib\gradle-launcher-4.6.jar
Launcher Type: SUN_STANDARD

Environment Variables:
PATH=C:\Program Files (x86)\Common Files\Oracle\Java\javapath;C:\Program Files\Oculus\Support\oculus-runtime;C:\Program Files (x86)\Intel\Intel(R) Management Engine Components\iCLS\;C:\Program Files\Intel\Intel(R) Management Engine Components\iCLS\;C:\Windows\system32;C:\Windows;C:\Windows\System32\Wbem;C:\Windows\System32\WindowsPowerShell\v1.0\;C:\Program Files (x86)\Intel\Intel(R) Management Engine Components\DAL;C:\Program Files\Intel\Intel(R) Management Engine Components\DAL;C:\Program Files (x86)\Intel\Intel(R) Management Engine Components\IPT;C:\Program Files\Intel\Intel(R) Management Engine Components\IPT;C:\Program Files (x86)\NVIDIA Corporation\PhysX\Common;C:\WINDOWS\system32;C:\WINDOWS;C:\WINDOWS\System32\Wbem;C:\WINDOWS\System32\WindowsPowerShell\v1.0\;C:\WINDOWS\System32\OpenSSH\;C:\Program Files\Intel\WiFi\bin\;C:\Program Files\Common Files\Intel\WirelessCommon\;C:\Program Files\Git\cmd;C:\Users\doome\AppData\Local\Microsoft\WindowsApps;
USERNAME=doome
OS=Windows_NT
PROCESSOR_IDENTIFIER=Intel64 Family 6 Model 158 Stepping 10, GenuineIntel



---------------  S Y S T E M  ---------------

OS: Windows 10.0 , 64 bit Build 17134 (10.0.17134.1)

CPU:total 8 (initial active 8) (4 cores per cpu, 2 threads per core) family 6 model 158 stepping 10, cmov, cx8, fxsr, mmx, sse, sse2, sse3, ssse3, sse4.1, sse4.2, popcnt, avx, avx2, aes, clmul, erms, 3dnowpref, lzcnt, ht, tsc, tscinvbit, bmi1, bmi2, adx

Memory: 4k page, physical 8227124k(2703024k free), swap 14371124k(5540k free)

vm_info: OpenJDK 64-Bit Server VM (25.152-b06) for windows-amd64 JRE (1.8.0_152-release-1136-b06), built by "builder" with MS VC++ 10.0 (VS2010)

time: Sat Dec 08 19:56:38 2018
elapsed time: 9 seconds (0d 0h 0m 9s)

