#
# There is insufficient memory for the Java Runtime Environment to continue.
# Native memory allocation (malloc) failed to allocate 1667856 bytes for Chunk::new
# Possible reasons:
#   The system is out of physical RAM or swap space
#   In 32 bit mode, the process size limit was hit
# Possible solutions:
#   Reduce memory load on the system
#   Increase physical memory or swap space
#   Check if swap backing store is full
#   Use 64 bit Java on a 64 bit OS
#   Decrease Java heap size (-Xmx/-Xms)
#   Decrease number of Java threads
#   Decrease Java thread stack sizes (-Xss)
#   Set larger code cache with -XX:ReservedCodeCacheSize=
# This output file may be truncated or incomplete.
#
#  Out of Memory Error (allocation.cpp:390), pid=16060, tid=0x0000000000003320
#
# JRE version: OpenJDK Runtime Environment (8.0_152-b06) (build 1.8.0_152-release-1136-b06)
# Java VM: OpenJDK 64-Bit Server VM (25.152-b06 mixed mode windows-amd64 compressed oops)
# Failed to write core dump. Minidumps are not enabled by default on client versions of Windows
#

---------------  T H R E A D  ---------------

Current thread (0x0000000018318000):  JavaThread "C2 CompilerThread2" daemon [_thread_in_native, id=13088, stack(0x0000000018cd0000,0x0000000018dd0000)]

Stack: [0x0000000018cd0000,0x0000000018dd0000]
[error occurred during error reporting (printing stack bounds), id 0xc0000005]

Native frames: (J=compiled Java code, j=interpreted, Vv=VM code, C=native code)


Current CompileTask:
C2:   8202 6122       4       java.io.ObjectOutputStream::writeClassDesc (60 bytes)


---------------  P R O C E S S  ---------------

Java Threads: ( => current thread )
  0x000000001e8fa000 JavaThread "Task worker for ':' Thread 7" [_thread_in_Java, id=12128, stack(0x0000000025b10000,0x0000000025c10000)]
  0x000000001e8f7000 JavaThread "Task worker for ':' Thread 6" [_thread_blocked, id=14100, stack(0x0000000025a10000,0x0000000025b10000)]
  0x000000001e8fc800 JavaThread "Task worker for ':' Thread 5" [_thread_blocked, id=10796, stack(0x0000000025910000,0x0000000025a10000)]
  0x000000001e8fb800 JavaThread "Task worker for ':' Thread 4" [_thread_blocked, id=16756, stack(0x0000000025810000,0x0000000025910000)]
  0x000000001e8fb000 JavaThread "Task worker for ':' Thread 3" [_thread_blocked, id=15692, stack(0x0000000025710000,0x0000000025810000)]
  0x000000001e8f6800 JavaThread "Task worker for ':' Thread 2" [_thread_blocked, id=2972, stack(0x0000000025610000,0x0000000025710000)]
  0x000000001e4b0000 JavaThread "Task worker for ':'" [_thread_blocked, id=2856, stack(0x0000000024510000,0x0000000024610000)]
  0x000000001e4aa800 JavaThread "Cache worker for Build Output Cleanup Cache (C:\Users\doome\AndroidStudioProjects\Textbaseddungeoncrawler\.gradle\buildOutputCleanup)" [_thread_blocked, id=9288, stack(0x0000000024040000,0x0000000024140000)]
  0x000000001e4ad000 JavaThread "Cache worker for task history cache (C:\Users\doome\AndroidStudioProjects\Textbaseddungeoncrawler\.gradle\4.6\taskHistory)" [_thread_blocked, id=2200, stack(0x0000000023f40000,0x0000000024040000)]
  0x000000001e4af000 JavaThread "Cache worker for file content cache (C:\Users\doome\AndroidStudioProjects\Textbaseddungeoncrawler\.gradle\4.6\fileContent)" [_thread_blocked, id=6176, stack(0x0000000023e40000,0x0000000023f40000)]
  0x000000001e4ac000 JavaThread "Memory manager" [_thread_blocked, id=17204, stack(0x0000000022c70000,0x0000000022d70000)]
  0x000000001e4a7000 JavaThread "pool-1-thread-1" [_thread_blocked, id=15876, stack(0x0000000022970000,0x0000000022a70000)]
  0x000000001e4a2800 JavaThread "Build operations Thread 8" [_thread_blocked, id=6612, stack(0x0000000022470000,0x0000000022570000)]
  0x000000001e4a5800 JavaThread "Build operations Thread 7" [_thread_blocked, id=9100, stack(0x0000000022370000,0x0000000022470000)]
  0x000000001e4a4800 JavaThread "Build operations Thread 6" [_thread_blocked, id=2228, stack(0x0000000022270000,0x0000000022370000)]
  0x000000001e4a1800 JavaThread "Build operations Thread 5" [_thread_blocked, id=16864, stack(0x0000000022170000,0x0000000022270000)]
  0x000000001e4a4000 JavaThread "Build operations Thread 4" [_thread_blocked, id=7872, stack(0x0000000021d80000,0x0000000021e80000)]
  0x000000001831c800 JavaThread "Build operations Thread 3" [_thread_blocked, id=3912, stack(0x0000000021c80000,0x0000000021d80000)]
  0x000000001831b800 JavaThread "Build operations Thread 2" [_thread_blocked, id=13652, stack(0x00000000208f0000,0x00000000209f0000)]
  0x0000000018318800 JavaThread "Build operations" [_thread_blocked, id=9132, stack(0x00000000207f0000,0x00000000208f0000)]
  0x000000001831b000 JavaThread "Cache worker for Artifact transforms cache (C:\Users\doome\.gradle\caches\transforms-1)" [_thread_blocked, id=10888, stack(0x00000000204f0000,0x00000000205f0000)]
  0x000000001a52e000 JavaThread "Cache worker for file hash cache (C:\Users\doome\AndroidStudioProjects\Textbaseddungeoncrawler\.gradle\4.6\fileHashes)" [_thread_blocked, id=16208, stack(0x000000001cdf0000,0x000000001cef0000)]
  0x000000001a5b6000 JavaThread "File lock request listener" [_thread_in_native, id=12388, stack(0x000000001bd20000,0x000000001be20000)]
  0x000000001a364800 JavaThread "Cache worker for file hash cache (C:\Users\doome\.gradle\caches\4.6\fileHashes)" [_thread_blocked, id=3916, stack(0x000000001bc20000,0x000000001bd20000)]
  0x000000001a366000 JavaThread "Stdin handler" [_thread_blocked, id=17044, stack(0x000000001b920000,0x000000001ba20000)]
  0x000000001a35a800 JavaThread "Asynchronous log dispatcher for DefaultDaemonConnection: socket connection from /127.0.0.1:50720 to /127.0.0.1:50721" [_thread_blocked, id=14976, stack(0x000000001b720000,0x000000001b820000)]
  0x000000001a356800 JavaThread "Daemon worker" [_thread_blocked, id=7856, stack(0x000000001b620000,0x000000001b720000)]
  0x000000001a367000 JavaThread "Cancel handler" [_thread_blocked, id=17272, stack(0x000000001b520000,0x000000001b620000)]
  0x000000001a325800 JavaThread "Handler for socket connection from /127.0.0.1:50720 to /127.0.0.1:50721" [_thread_in_native, id=14928, stack(0x000000001b220000,0x000000001b320000)]
  0x000000001a2c8000 JavaThread "Daemon" [_thread_blocked, id=16436, stack(0x000000001b120000,0x000000001b220000)]
  0x000000001a2a5000 JavaThread "Daemon periodic checks" [_thread_blocked, id=8684, stack(0x000000001b020000,0x000000001b120000)]
  0x000000001a333000 JavaThread "Incoming local TCP Connector on port 50720" [_thread_in_native, id=14356, stack(0x000000001ade0000,0x000000001aee0000)]
  0x00000000183a7800 JavaThread "Service Thread" daemon [_thread_blocked, id=13964, stack(0x0000000018ed0000,0x0000000018fd0000)]
  0x0000000018319800 JavaThread "C1 CompilerThread3" daemon [_thread_in_native, id=15324, stack(0x0000000018dd0000,0x0000000018ed0000)]
=>0x0000000018318000 JavaThread "C2 CompilerThread2" daemon [_thread_in_native, id=13088, stack(0x0000000018cd0000,0x0000000018dd0000)]
  0x000000001830b800 JavaThread "C2 CompilerThread1" daemon [_thread_in_native, id=13248, stack(0x0000000018bd0000,0x0000000018cd0000)]
  0x0000000018309000 JavaThread "C2 CompilerThread0" daemon [_thread_in_native, id=14972, stack(0x0000000018ad0000,0x0000000018bd0000)]
  0x0000000018308000 JavaThread "Attach Listener" daemon [_thread_blocked, id=12020, stack(0x00000000189d0000,0x0000000018ad0000)]
  0x0000000018315800 JavaThread "Signal Dispatcher" daemon [_thread_blocked, id=12080, stack(0x00000000188d0000,0x00000000189d0000)]
  0x0000000002639000 JavaThread "Finalizer" daemon [_thread_blocked, id=3648, stack(0x00000000186e0000,0x00000000187e0000)]
  0x0000000002638000 JavaThread "Reference Handler" daemon [_thread_blocked, id=9128, stack(0x00000000181e0000,0x00000000182e0000)]
  0x00000000001fd800 JavaThread "main" [_thread_blocked, id=11996, stack(0x0000000002440000,0x0000000002540000)]

Other Threads:
  0x00000000163f7800 VMThread [stack: 0x00000000180e0000,0x00000000181e0000] [id=11824]
  0x0000000018311000 WatcherThread [stack: 0x0000000018fd0000,0x00000000190d0000] [id=14632]

VM state:not at safepoint (normal execution)

VM Mutex/Monitor currently owned by a thread: None

Heap:
 PSYoungGen      total 172544K, used 29597K [0x00000000e0000000, 0x00000000ee700000, 0x0000000100000000)
  eden space 157184K, 9% used [0x00000000e0000000,0x00000000e0def3c8,0x00000000e9980000)
  from space 15360K, 99% used [0x00000000e9980000,0x00000000ea878250,0x00000000ea880000)
  to   space 21504K, 0% used [0x00000000ed200000,0x00000000ed200000,0x00000000ee700000)
 ParOldGen       total 96256K, used 31386K [0x00000000a0000000, 0x00000000a5e00000, 0x00000000e0000000)
  object space 96256K, 32% used [0x00000000a0000000,0x00000000a1ea6a88,0x00000000a5e00000)
 Metaspace       used 55683K, capacity 57262K, committed 57472K, reserved 1099776K
  class space    used 7612K, capacity 8030K, committed 8064K, reserved 1048576K

Card table byte_map: [0x0000000011a00000,0x0000000011d10000] byte_map_base: 0x0000000011500000

Marking Bits: (ParMarkBitMap*) 0x0000000076da5aa0
 Begin Bits: [0x0000000012710000, 0x0000000013f10000)
 End Bits:   [0x0000000013f10000, 0x0000000015710000)

Polling page: 0x00000000023a0000

CodeCache: size=245760Kb used=18332Kb max_used=19562Kb free=227427Kb
 bounds [0x0000000002640000, 0x0000000003990000, 0x0000000011640000]
 total_blobs=6398 nmethods=5620 adapters=690
 compilation: enabled

Compilation events (10 events):
Event: 8.192 Thread 0x0000000018319800 6425       3       org.gradle.internal.typeconversion.NotationParserBuilder::toType (16 bytes)
Event: 8.192 Thread 0x0000000018319800 nmethod 6425 0x00000000031fa6d0 code [0x00000000031fa880, 0x00000000031fae70]
Event: 8.192 Thread 0x0000000018319800 6427       3       org.gradle.api.internal.artifacts.transform.ConsumerVariantMatchResult::applyTo (15 bytes)
Event: 8.193 Thread 0x0000000018319800 nmethod 6427 0x0000000002d8ae50 code [0x0000000002d8afc0, 0x0000000002d8b1e8]
Event: 8.193 Thread 0x0000000018319800 6428       3       org.gradle.api.internal.artifacts.transform.ConsumerProvidedVariantFinder::collectConsumerVariants (66 bytes)
Event: 8.193 Thread 0x0000000018319800 nmethod 6428 0x0000000003343a90 code [0x0000000003343ca0, 0x00000000033445e8]
Event: 8.193 Thread 0x0000000018319800 6426       3       org.gradle.internal.typeconversion.TypeInfo::<init> (28 bytes)
Event: 8.193 Thread 0x0000000018319800 nmethod 6426 0x00000000031f8e50 code [0x00000000031f8fc0, 0x00000000031f9190]
Event: 8.194 Thread 0x000000001830b800 nmethod 6418 0x00000000033416d0 code [0x0000000003341980, 0x00000000033423b8]
Event: 8.194 Thread 0x000000001830b800 6423 %     4       org.apache.commons.io.FilenameUtils::doNormalize @ 286 (530 bytes)

GC Heap History (10 events):
Event: 3.211 GC heap before
{Heap before GC invocations=7 (full 1):
 PSYoungGen      total 70656K, used 65536K [0x00000000e0000000, 0x00000000e9400000, 0x0000000100000000)
  eden space 65536K, 100% used [0x00000000e0000000,0x00000000e4000000,0x00000000e4000000)
  from space 5120K, 0% used [0x00000000e4000000,0x00000000e4000000,0x00000000e4500000)
  to   space 10240K, 0% used [0x00000000e8a00000,0x00000000e8a00000,0x00000000e9400000)
 ParOldGen       total 58880K, used 8362K [0x00000000a0000000, 0x00000000a3980000, 0x00000000e0000000)
  object space 58880K, 14% used [0x00000000a0000000,0x00000000a082abb0,0x00000000a3980000)
 Metaspace       used 26557K, capacity 27030K, committed 27136K, reserved 1073152K
  class space    used 3641K, capacity 3797K, committed 3840K, reserved 1048576K
Event: 3.219 GC heap after
Heap after GC invocations=7 (full 1):
 PSYoungGen      total 110592K, used 7074K [0x00000000e0000000, 0x00000000e9100000, 0x0000000100000000)
  eden space 103424K, 0% used [0x00000000e0000000,0x00000000e0000000,0x00000000e6500000)
  from space 7168K, 98% used [0x00000000e8a00000,0x00000000e90e8bd8,0x00000000e9100000)
  to   space 9728K, 0% used [0x00000000e7e00000,0x00000000e7e00000,0x00000000e8780000)
 ParOldGen       total 58880K, used 8370K [0x00000000a0000000, 0x00000000a3980000, 0x00000000e0000000)
  object space 58880K, 14% used [0x00000000a0000000,0x00000000a082cbb0,0x00000000a3980000)
 Metaspace       used 26557K, capacity 27030K, committed 27136K, reserved 1073152K
  class space    used 3641K, capacity 3797K, committed 3840K, reserved 1048576K
}
Event: 4.125 GC heap before
{Heap before GC invocations=8 (full 1):
 PSYoungGen      total 110592K, used 101404K [0x00000000e0000000, 0x00000000e9100000, 0x0000000100000000)
  eden space 103424K, 91% used [0x00000000e0000000,0x00000000e5c1e670,0x00000000e6500000)
  from space 7168K, 98% used [0x00000000e8a00000,0x00000000e90e8bd8,0x00000000e9100000)
  to   space 9728K, 0% used [0x00000000e7e00000,0x00000000e7e00000,0x00000000e8780000)
 ParOldGen       total 58880K, used 8370K [0x00000000a0000000, 0x00000000a3980000, 0x00000000e0000000)
  object space 58880K, 14% used [0x00000000a0000000,0x00000000a082cbb0,0x00000000a3980000)
 Metaspace       used 34743K, capacity 35322K, committed 35416K, reserved 1079296K
  class space    used 4819K, capacity 5031K, committed 5120K, reserved 1048576K
Event: 4.135 GC heap after
Heap after GC invocations=8 (full 1):
 PSYoungGen      total 138752K, used 9713K [0x00000000e0000000, 0x00000000eb500000, 0x0000000100000000)
  eden space 129024K, 0% used [0x00000000e0000000,0x00000000e0000000,0x00000000e7e00000)
  from space 9728K, 99% used [0x00000000e7e00000,0x00000000e877c528,0x00000000e8780000)
  to   space 12800K, 0% used [0x00000000ea880000,0x00000000ea880000,0x00000000eb500000)
 ParOldGen       total 58880K, used 11430K [0x00000000a0000000, 0x00000000a3980000, 0x00000000e0000000)
  object space 58880K, 19% used [0x00000000a0000000,0x00000000a0b29808,0x00000000a3980000)
 Metaspace       used 34743K, capacity 35322K, committed 35416K, reserved 1079296K
  class space    used 4819K, capacity 5031K, committed 5120K, reserved 1048576K
}
Event: 4.135 GC heap before
{Heap before GC invocations=9 (full 2):
 PSYoungGen      total 138752K, used 9713K [0x00000000e0000000, 0x00000000eb500000, 0x0000000100000000)
  eden space 129024K, 0% used [0x00000000e0000000,0x00000000e0000000,0x00000000e7e00000)
  from space 9728K, 99% used [0x00000000e7e00000,0x00000000e877c528,0x00000000e8780000)
  to   space 12800K, 0% used [0x00000000ea880000,0x00000000ea880000,0x00000000eb500000)
 ParOldGen       total 58880K, used 11430K [0x00000000a0000000, 0x00000000a3980000, 0x00000000e0000000)
  object space 58880K, 19% used [0x00000000a0000000,0x00000000a0b29808,0x00000000a3980000)
 Metaspace       used 34743K, capacity 35322K, committed 35416K, reserved 1079296K
  class space    used 4819K, capacity 5031K, committed 5120K, reserved 1048576K
Event: 4.183 GC heap after
Heap after GC invocations=9 (full 2):
 PSYoungGen      total 138752K, used 0K [0x00000000e0000000, 0x00000000eb500000, 0x0000000100000000)
  eden space 129024K, 0% used [0x00000000e0000000,0x00000000e0000000,0x00000000e7e00000)
  from space 9728K, 0% used [0x00000000e7e00000,0x00000000e7e00000,0x00000000e8780000)
  to   space 12800K, 0% used [0x00000000ea880000,0x00000000ea880000,0x00000000eb500000)
 ParOldGen       total 96256K, used 19001K [0x00000000a0000000, 0x00000000a5e00000, 0x00000000e0000000)
  object space 96256K, 19% used [0x00000000a0000000,0x00000000a128e438,0x00000000a5e00000)
 Metaspace       used 34743K, capacity 35322K, committed 35416K, reserved 1079296K
  class space    used 4819K, capacity 5031K, committed 5120K, reserved 1048576K
}
Event: 5.227 GC heap before
{Heap before GC invocations=10 (full 2):
 PSYoungGen      total 138752K, used 129024K [0x00000000e0000000, 0x00000000eb500000, 0x0000000100000000)
  eden space 129024K, 100% used [0x00000000e0000000,0x00000000e7e00000,0x00000000e7e00000)
  from space 9728K, 0% used [0x00000000e7e00000,0x00000000e7e00000,0x00000000e8780000)
  to   space 12800K, 0% used [0x00000000ea880000,0x00000000ea880000,0x00000000eb500000)
 ParOldGen       total 96256K, used 19001K [0x00000000a0000000, 0x00000000a5e00000, 0x00000000e0000000)
  object space 96256K, 19% used [0x00000000a0000000,0x00000000a128e438,0x00000000a5e00000)
 Metaspace       used 42947K, capacity 43756K, committed 44032K, reserved 1087488K
  class space    used 5828K, capacity 6099K, committed 6144K, reserved 1048576K
Event: 5.239 GC heap after
Heap after GC invocations=10 (full 2):
 PSYoungGen      total 169984K, used 12799K [0x00000000e0000000, 0x00000000ed080000, 0x0000000100000000)
  eden space 157184K, 0% used [0x00000000e0000000,0x00000000e0000000,0x00000000e9980000)
  from space 12800K, 99% used [0x00000000ea880000,0x00000000eb4ffc58,0x00000000eb500000)
  to   space 15360K, 0% used [0x00000000e9980000,0x00000000e9980000,0x00000000ea880000)
 ParOldGen       total 96256K, used 21633K [0x00000000a0000000, 0x00000000a5e00000, 0x00000000e0000000)
  object space 96256K, 22% used [0x00000000a0000000,0x00000000a1520480,0x00000000a5e00000)
 Metaspace       used 42947K, capacity 43756K, committed 44032K, reserved 1087488K
  class space    used 5828K, capacity 6099K, committed 6144K, reserved 1048576K
}
Event: 8.039 GC heap before
{Heap before GC invocations=11 (full 2):
 PSYoungGen      total 169984K, used 169983K [0x00000000e0000000, 0x00000000ed080000, 0x0000000100000000)
  eden space 157184K, 100% used [0x00000000e0000000,0x00000000e9980000,0x00000000e9980000)
  from space 12800K, 99% used [0x00000000ea880000,0x00000000eb4ffc58,0x00000000eb500000)
  to   space 15360K, 0% used [0x00000000e9980000,0x00000000e9980000,0x00000000ea880000)
 ParOldGen       total 96256K, used 21633K [0x00000000a0000000, 0x00000000a5e00000, 0x00000000e0000000)
  object space 96256K, 22% used [0x00000000a0000000,0x00000000a1520480,0x00000000a5e00000)
 Metaspace       used 55622K, capacity 57250K, committed 57472K, reserved 1099776K
  class space    used 7604K, capacity 8026K, committed 8064K, reserved 1048576K
Event: 8.060 GC heap after
Heap after GC invocations=11 (full 2):
 PSYoungGen      total 172544K, used 15328K [0x00000000e0000000, 0x00000000ee700000, 0x0000000100000000)
  eden space 157184K, 0% used [0x00000000e0000000,0x00000000e0000000,0x00000000e9980000)
  from space 15360K, 99% used [0x00000000e9980000,0x00000000ea878250,0x00000000ea880000)
  to   space 21504K, 0% used [0x00000000ed200000,0x00000000ed200000,0x00000000ee700000)
 ParOldGen       total 96256K, used 31386K [0x00000000a0000000, 0x00000000a5e00000, 0x00000000e0000000)
  object space 96256K, 32% used [0x00000000a0000000,0x00000000a1ea6a88,0x00000000a5e00000)
 Metaspace       used 55622K, capacity 57250K, committed 57472K, reserved 1099776K
  class space    used 7604K, capacity 8026K, committed 8064K, reserved 1048576K
}

Deoptimization events (10 events):
Event: 7.848 Thread 0x000000001e8fa000 Uncommon trap: reason=class_check action=maybe_recompile pc=0x0000000002885f44 method=java.io.ObjectOutputStream$BlockDataOutputStream.drain()V @ 36
Event: 7.848 Thread 0x000000001e8fa000 Uncommon trap: reason=class_check action=maybe_recompile pc=0x0000000002885f44 method=java.io.ObjectOutputStream$BlockDataOutputStream.drain()V @ 36
Event: 7.848 Thread 0x000000001e8fa000 Uncommon trap: reason=class_check action=maybe_recompile pc=0x0000000002885f44 method=java.io.ObjectOutputStream$BlockDataOutputStream.drain()V @ 36
Event: 7.872 Thread 0x000000001e4ad000 Uncommon trap: reason=bimorphic action=maybe_recompile pc=0x0000000002861978 method=java.io.BufferedInputStream.read([BII)I @ 101
Event: 7.872 Thread 0x000000001e4ad000 Uncommon trap: reason=bimorphic action=maybe_recompile pc=0x0000000002861a54 method=java.io.BufferedInputStream.read1([BII)I @ 39
Event: 8.061 Thread 0x0000000002639000 Uncommon trap: reason=unstable_if action=reinterpret pc=0x0000000002aa6814 method=java.util.WeakHashMap.expungeStaleEntries()V @ 9
Event: 8.064 Thread 0x000000001e8fa000 Uncommon trap: reason=unstable_if action=reinterpret pc=0x0000000003562ec8 method=com.google.common.collect.MapMakerInternalMap$Segment.drainKeyReferenceQueue()V @ 11
Event: 8.141 Thread 0x000000001e8fa000 Uncommon trap: reason=bimorphic action=maybe_recompile pc=0x000000000395450c method=com.google.common.collect.AbstractMapBasedMultimap.put(Ljava/lang/Object;Ljava/lang/Object;)Z @ 70
Event: 8.141 Thread 0x000000001e8fa000 Uncommon trap: reason=bimorphic action=maybe_recompile pc=0x000000000395450c method=com.google.common.collect.AbstractMapBasedMultimap.put(Ljava/lang/Object;Ljava/lang/Object;)Z @ 70
Event: 8.141 Thread 0x000000001e8fa000 Uncommon trap: reason=bimorphic action=maybe_recompile pc=0x000000000395450c method=com.google.common.collect.AbstractMapBasedMultimap.put(Ljava/lang/Object;Ljava/lang/Object;)Z @ 70

Classes redefined (0 events):
No events

Internal exceptions (10 events):
Event: 7.223 Thread 0x000000001e8fb000 Exception <a 'java/lang/NoSuchMethodError': <clinit>> (0x00000000e73de938) thrown at [D:\src\AOSP-openjdk-cygwin\jdk8u\hotspot\src\share\vm\prims\jni.cpp, line 1613]
Event: 7.277 Thread 0x000000001e8fb000 Exception <a 'java/lang/NoSuchMethodError': <clinit>> (0x00000000e7690cf0) thrown at [D:\src\AOSP-openjdk-cygwin\jdk8u\hotspot\src\share\vm\prims\jni.cpp, line 1613]
Event: 7.278 Thread 0x000000001e8fb000 Exception <a 'java/lang/NoSuchMethodError': <clinit>> (0x00000000e76a3af8) thrown at [D:\src\AOSP-openjdk-cygwin\jdk8u\hotspot\src\share\vm\prims\jni.cpp, line 1613]
Event: 7.278 Thread 0x000000001e8fb000 Exception <a 'java/lang/NoSuchMethodError': <clinit>> (0x00000000e76a53a8) thrown at [D:\src\AOSP-openjdk-cygwin\jdk8u\hotspot\src\share\vm\prims\jni.cpp, line 1613]
Event: 7.318 Thread 0x000000001e8fb000 Implicit null exception at 0x0000000002bd47e2 to 0x0000000002bd4d21
Event: 7.779 Thread 0x000000001e8fb000 Exception <a 'java/lang/NoSuchMethodError': <clinit>> (0x00000000e9012370) thrown at [D:\src\AOSP-openjdk-cygwin\jdk8u\hotspot\src\share\vm\prims\jni.cpp, line 1613]
Event: 7.848 Thread 0x000000001e8fa000 Exception <a 'java/lang/NoSuchMethodError': <clinit>> (0x00000000e7280ed8) thrown at [D:\src\AOSP-openjdk-cygwin\jdk8u\hotspot\src\share\vm\prims\jni.cpp, line 1613]
Event: 7.848 Thread 0x000000001e8fa000 Exception <a 'java/lang/NoSuchMethodError': <clinit>> (0x00000000e728aa30) thrown at [D:\src\AOSP-openjdk-cygwin\jdk8u\hotspot\src\share\vm\prims\jni.cpp, line 1613]
Event: 7.852 Thread 0x000000001e8fa000 Exception <a 'java/lang/NoSuchMethodError': <clinit>> (0x00000000e72a0cd8) thrown at [D:\src\AOSP-openjdk-cygwin\jdk8u\hotspot\src\share\vm\prims\jni.cpp, line 1613]
Event: 7.853 Thread 0x000000001e8fa000 Exception <a 'java/lang/NoSuchMethodError': <clinit>> (0x00000000e72ac190) thrown at [D:\src\AOSP-openjdk-cygwin\jdk8u\hotspot\src\share\vm\prims\jni.cpp, line 1613]

Events (10 events):
Event: 8.178 loading class com/google/common/collect/Iterators$6
Event: 8.178 loading class com/google/common/collect/Iterators$6 done
Event: 8.179 loading class com/android/manifmerger/ManifestMerger2$Invoker$Feature
Event: 8.179 loading class com/android/manifmerger/ManifestMerger2$Invoker$Feature done
Event: 8.181 loading class com/android/manifmerger/ManifestMerger2$Invoker$Feature
Event: 8.181 loading class com/android/manifmerger/ManifestMerger2$Invoker$Feature done
Event: 8.183 loading class com/android/ide/common/build/ApkData
Event: 8.183 loading class com/android/ide/common/build/ApkData done
Event: 8.186 loading class com/android/ide/common/build/ApkData
Event: 8.186 loading class com/android/ide/common/build/ApkData done


Dynamic libraries:
0x00007ff61a650000 - 0x00007ff61a681000 	C:\Program Files\Android\Android Studio\jre\bin\java.exe
0x00007ff8dc260000 - 0x00007ff8dc441000 	C:\WINDOWS\SYSTEM32\ntdll.dll
0x00007ff8da350000 - 0x00007ff8da402000 	C:\WINDOWS\System32\KERNEL32.DLL
0x00007ff8d91a0000 - 0x00007ff8d9413000 	C:\WINDOWS\System32\KERNELBASE.dll
0x00007ff8d9ac0000 - 0x00007ff8d9b61000 	C:\WINDOWS\System32\ADVAPI32.dll
0x00007ff8d96f0000 - 0x00007ff8d978e000 	C:\WINDOWS\System32\msvcrt.dll
0x00007ff8dc1d0000 - 0x00007ff8dc22b000 	C:\WINDOWS\System32\sechost.dll
0x00007ff8d9d00000 - 0x00007ff8d9e24000 	C:\WINDOWS\System32\RPCRT4.dll
0x00007ff8d9b70000 - 0x00007ff8d9d00000 	C:\WINDOWS\System32\USER32.dll
0x00007ff8d8630000 - 0x00007ff8d8650000 	C:\WINDOWS\System32\win32u.dll
0x00007ff8da280000 - 0x00007ff8da2a8000 	C:\WINDOWS\System32\GDI32.dll
0x00007ff8d9000000 - 0x00007ff8d9192000 	C:\WINDOWS\System32\gdi32full.dll
0x00007ff8d9420000 - 0x00007ff8d94bf000 	C:\WINDOWS\System32\msvcp_win.dll
0x00007ff8d9570000 - 0x00007ff8d966a000 	C:\WINDOWS\System32\ucrtbase.dll
0x00007ff8c7d10000 - 0x00007ff8c7f79000 	C:\WINDOWS\WinSxS\amd64_microsoft.windows.common-controls_6595b64144ccf1df_6.0.17134.407_none_fb449d63306391e9\COMCTL32.dll
0x00007ff8d9790000 - 0x00007ff8d9ab2000 	C:\WINDOWS\System32\combase.dll
0x00007ff8d9670000 - 0x00007ff8d96ea000 	C:\WINDOWS\System32\bcryptPrimitives.dll
0x00007ff8da430000 - 0x00007ff8da45d000 	C:\WINDOWS\System32\IMM32.DLL
0x0000000076420000 - 0x00000000764f2000 	C:\Program Files\Android\Android Studio\jre\jre\bin\msvcr100.dll
0x00000000765e0000 - 0x0000000076e21000 	C:\Program Files\Android\Android Studio\jre\jre\bin\server\jvm.dll
0x00007ff8da340000 - 0x00007ff8da348000 	C:\WINDOWS\System32\PSAPI.DLL
0x00007ff8c2e20000 - 0x00007ff8c2e29000 	C:\WINDOWS\SYSTEM32\WSOCK32.dll
0x00007ff8d66f0000 - 0x00007ff8d6713000 	C:\WINDOWS\SYSTEM32\WINMM.dll
0x00007ff8d1020000 - 0x00007ff8d102a000 	C:\WINDOWS\SYSTEM32\VERSION.dll
0x00007ff8da460000 - 0x00007ff8da4cc000 	C:\WINDOWS\System32\WS2_32.dll
0x00007ff8d66a0000 - 0x00007ff8d66ca000 	C:\WINDOWS\SYSTEM32\winmmbase.dll
0x00007ff8d8840000 - 0x00007ff8d8889000 	C:\WINDOWS\System32\cfgmgr32.dll
0x00007ff8d4fd0000 - 0x00007ff8d4fdf000 	C:\Program Files\Android\Android Studio\jre\jre\bin\verify.dll
0x00007ff8d4fa0000 - 0x00007ff8d4fc9000 	C:\Program Files\Android\Android Studio\jre\jre\bin\java.dll
0x00007ff8d4f30000 - 0x00007ff8d4f46000 	C:\Program Files\Android\Android Studio\jre\jre\bin\zip.dll
0x00007ff8da940000 - 0x00007ff8dbd7f000 	C:\WINDOWS\System32\SHELL32.dll
0x00007ff8dbd90000 - 0x00007ff8dbe39000 	C:\WINDOWS\System32\shcore.dll
0x00007ff8d88f0000 - 0x00007ff8d8ffd000 	C:\WINDOWS\System32\windows.storage.dll
0x00007ff8dbea0000 - 0x00007ff8dbef1000 	C:\WINDOWS\System32\shlwapi.dll
0x00007ff8d8570000 - 0x00007ff8d8581000 	C:\WINDOWS\System32\kernel.appcore.dll
0x00007ff8d8590000 - 0x00007ff8d85af000 	C:\WINDOWS\System32\profapi.dll
0x00007ff8d85e0000 - 0x00007ff8d862c000 	C:\WINDOWS\System32\powrprof.dll
0x00007ff8d85b0000 - 0x00007ff8d85ba000 	C:\WINDOWS\System32\FLTLIB.DLL
0x00007ff8d41c0000 - 0x00007ff8d41da000 	C:\Program Files\Android\Android Studio\jre\jre\bin\net.dll
0x00007ff8d7df0000 - 0x00007ff8d7e56000 	C:\WINDOWS\system32\mswsock.dll
0x00007ff8d31c0000 - 0x00007ff8d31d1000 	C:\Program Files\Android\Android Studio\jre\jre\bin\nio.dll
0x00007ff8d5220000 - 0x00007ff8d523e000 	C:\Users\doome\.gradle\native\25\windows-amd64\native-platform.dll
0x00007ff8d4f90000 - 0x00007ff8d4f9d000 	C:\Program Files\Android\Android Studio\jre\jre\bin\management.dll
0x00007ff8d7fa0000 - 0x00007ff8d7fb7000 	C:\WINDOWS\SYSTEM32\CRYPTSP.dll
0x00007ff8d79d0000 - 0x00007ff8d7a03000 	C:\WINDOWS\system32\rsaenh.dll
0x00007ff8d80d0000 - 0x00007ff8d80f5000 	C:\WINDOWS\SYSTEM32\bcrypt.dll
0x00007ff8d8470000 - 0x00007ff8d8498000 	C:\WINDOWS\SYSTEM32\USERENV.dll
0x00007ff8d7fc0000 - 0x00007ff8d7fcb000 	C:\WINDOWS\SYSTEM32\CRYPTBASE.dll
0x00007ff8d7b70000 - 0x00007ff8d7ba8000 	C:\WINDOWS\SYSTEM32\IPHLPAPI.DLL
0x00007ff8da2b0000 - 0x00007ff8da2b8000 	C:\WINDOWS\System32\NSI.dll
0x00007ff8ce360000 - 0x00007ff8ce376000 	C:\WINDOWS\SYSTEM32\dhcpcsvc6.DLL
0x00007ff8d01e0000 - 0x00007ff8d01fa000 	C:\WINDOWS\SYSTEM32\dhcpcsvc.DLL

VM Arguments:
jvm_args: -Xmx1536m -Dfile.encoding=windows-1252 -Duser.country=US -Duser.language=en -Duser.variant 
java_command: org.gradle.launcher.daemon.bootstrap.GradleDaemon 4.6
java_class_path (initial): C:\Users\doome\.gradle\wrapper\dists\gradle-4.6-all\bcst21l2brirad8k2ben1letg\gradle-4.6\lib\gradle-launcher-4.6.jar
Launcher Type: SUN_STANDARD

Environment Variables:
PATH=C:\Program Files (x86)\Common Files\Oracle\Java\javapath;C:\Program Files\Oculus\Support\oculus-runtime;C:\Program Files (x86)\Intel\Intel(R) Management Engine Components\iCLS\;C:\Program Files\Intel\Intel(R) Management Engine Components\iCLS\;C:\Windows\system32;C:\Windows;C:\Windows\System32\Wbem;C:\Windows\System32\WindowsPowerShell\v1.0\;C:\Program Files (x86)\Intel\Intel(R) Management Engine Components\DAL;C:\Program Files\Intel\Intel(R) Management Engine Components\DAL;C:\Program Files (x86)\Intel\Intel(R) Management Engine Components\IPT;C:\Program Files\Intel\Intel(R) Management Engine Components\IPT;C:\Program Files (x86)\NVIDIA Corporation\PhysX\Common;C:\WINDOWS\system32;C:\WINDOWS;C:\WINDOWS\System32\Wbem;C:\WINDOWS\System32\WindowsPowerShell\v1.0\;C:\WINDOWS\System32\OpenSSH\;C:\Program Files\Intel\WiFi\bin\;C:\Program Files\Common Files\Intel\WirelessCommon\;C:\Program Files\Git\cmd;C:\Users\doome\AppData\Local\Microsoft\WindowsApps;
USERNAME=doome
OS=Windows_NT
PROCESSOR_IDENTIFIER=Intel64 Family 6 Model 158 Stepping 10, GenuineIntel



---------------  S Y S T E M  ---------------

OS: Windows 10.0 , 64 bit Build 17134 (10.0.17134.1)

CPU:total 8 (initial active 8) (4 cores per cpu, 2 threads per core) family 6 model 158 stepping 10, cmov, cx8, fxsr, mmx, sse, sse2, sse3, ssse3, sse4.1, sse4.2, popcnt, avx, avx2, aes, clmul, erms, 3dnowpref, lzcnt, ht, tsc, tscinvbit, bmi1, bmi2, adx

Memory: 4k page, physical 8227124k(2618888k free), swap 14371124k(3756k free)

vm_info: OpenJDK 64-Bit Server VM (25.152-b06) for windows-amd64 JRE (1.8.0_152-release-1136-b06), built by "builder" with MS VC++ 10.0 (VS2010)

time: Sat Dec 08 19:57:18 2018
elapsed time: 8 seconds (0d 0h 0m 8s)

